Using pre-set license
Built from '2020.2/release' branch; Version is '2020.2.2f1 (068178b99f32) revision 426360'; Using compiler version '192528614'; Build Type 'Release'
OS: 'Windows 10 Pro; OS build 19042.985; Version 2009; 64bit' Language: 'en' Physical Memory: 32645 MB
BatchMode: 1, IsHumanControllingUs: 0, StartBugReporterOnCrash: 0, Is64bit: 1, IsPro: 0

 COMMAND LINE ARGUMENTS:
C:\Program Files\Unity\Hub\Editor\2020.2.2f1\Editor\Unity.exe
-adb2
-batchMode
-noUpm
-name
AssetImportWorker0
-projectPath
C:/Users/lalal/OneDrive - TAFE NSW/Team Games/Space-Warfare-FPS/Group FPS
-logFile
Logs/AssetImportWorker0.log
-srvPort
56589
Successfully changed project path to: C:/Users/lalal/OneDrive - TAFE NSW/Team Games/Space-Warfare-FPS/Group FPS
C:/Users/lalal/OneDrive - TAFE NSW/Team Games/Space-Warfare-FPS/Group FPS
Using Asset Import Pipeline V2.
Refreshing native plugins compatible for Editor in 51.24 ms, found 0 plugins.
Preloading 0 native plugins for Editor in 0.00 ms.
Initialize engine version: 2020.2.2f1 (068178b99f32)
[Subsystems] Discovering subsystems at path C:/Program Files/Unity/Hub/Editor/2020.2.2f1/Editor/Data/Resources/UnitySubsystems
[Subsystems] Discovering subsystems at path C:/Users/lalal/OneDrive - TAFE NSW/Team Games/Space-Warfare-FPS/Group FPS/Assets
GfxDevice: creating device client; threaded=0
Direct3D:
    Version:  Direct3D 11.0 [level 11.1]
    Renderer: NVIDIA GeForce RTX 2070 with Max-Q Design (ID=0x1f50)
    Vendor:   
    VRAM:     8031 MB
    Driver:   27.21.14.6192
Initialize mono
Mono path[0] = 'C:/Program Files/Unity/Hub/Editor/2020.2.2f1/Editor/Data/Managed'
Mono path[1] = 'C:/Program Files/Unity/Hub/Editor/2020.2.2f1/Editor/Data/MonoBleedingEdge/lib/mono/unityjit'
Mono config path = 'C:/Program Files/Unity/Hub/Editor/2020.2.2f1/Editor/Data/MonoBleedingEdge/etc'
Using monoOptions --debugger-agent=transport=dt_socket,embedding=1,server=y,suspend=n,address=127.0.0.1:56472
Begin MonoManager ReloadAssembly
Registering precompiled unity dll's ...
Register platform support module: C:/Program Files/Unity/Hub/Editor/2020.2.2f1/Editor/Data/PlaybackEngines/WindowsStandaloneSupport/UnityEditor.WindowsStandalone.Extensions.dll
Registered in 0.002701 seconds.
Native extension for WindowsStandalone target not found
Refreshing native plugins compatible for Editor in 51.84 ms, found 0 plugins.
Preloading 0 native plugins for Editor in 0.00 ms.
Invoked RoslynAnalysisRunner static constructor.
RoslynAnalysisRunner will not be running.
RoslynAnalysisRunner has terminated.
Mono: successfully reloaded assembly
- Completed reload, in  2.723 seconds
Platform modules already initialized, skipping
Registering precompiled user dll's ...
Registered in 0.007468 seconds.
Begin MonoManager ReloadAssembly
Native extension for WindowsStandalone target not found
Refreshing native plugins compatible for Editor in 47.59 ms, found 0 plugins.
Preloading 0 native plugins for Editor in 0.00 ms.
Invoked RoslynAnalysisRunner static constructor.
RoslynAnalysisRunner will not be running.
RoslynAnalysisRunner has terminated.
Find all reader and writers took 191 milliseconds
Script Module: UnityEngine.UI.dll
Weave behaviours and messages took148 milliseconds
Find all reader and writers took 154 milliseconds
Script Module: Unity.RenderPipelines.Core.Runtime.dll
Weave behaviours and messages took112 milliseconds
Find all reader and writers took 154 milliseconds
Script Module: UnityEngine.TestRunner.dll
Weave behaviours and messages took54 milliseconds
Find all reader and writers took 166 milliseconds
Script Module: Unity.Mathematics.dll
Weave behaviours and messages took457 milliseconds
Find all reader and writers took 143 milliseconds
Script Module: SimpleWebTransport.dll
Weave behaviours and messages took13 milliseconds
Find all reader and writers took 143 milliseconds
Script Module: Unity.Timeline.dll
Weave behaviours and messages took62 milliseconds
Find all reader and writers took 172 milliseconds
Script Module: Mirror.Examples.dll
[Projectile] NetworkBehaviourProcessor
[Tank] NetworkBehaviourProcessor
[NetworkRoomPlayer] NetworkBehaviourProcessor
[NetworkRoomPlayerExt] NetworkBehaviourProcessor
[PlayerController] NetworkBehaviourProcessor
[PlayerScore] NetworkBehaviourProcessor
[RandomColor] NetworkBehaviourProcessor
[Reward] NetworkBehaviourProcessor
[AddForce] NetworkBehaviourProcessor
[Ball] NetworkBehaviourProcessor
[Player] NetworkBehaviourProcessor
[MatchController] NetworkBehaviourProcessor
[PhysicsCollision] NetworkBehaviourProcessor
[PlayerController] NetworkBehaviourProcessor
[PlayerScore] NetworkBehaviourProcessor
[RandomColor] NetworkBehaviourProcessor
[Reward] NetworkBehaviourProcessor
[Player] NetworkBehaviourProcessor
[MonsterMovement] NetworkBehaviourProcessor
[PlayerMovement] NetworkBehaviourProcessor
[Player] NetworkBehaviourProcessor
[PlayerController] NetworkBehaviourProcessor
[RandomColor] NetworkBehaviourProcessor
[ShootingTankBehaviour] NetworkBehaviourProcessor
Weave behaviours and messages took40 milliseconds
  ProcessSitesModule Mirror.Examples.dll elapsed time:00:00:00.0104982
Find all reader and writers took 178 milliseconds
Script Module: Unity.RenderPipelines.Universal.Runtime.dll
Weave behaviours and messages took121 milliseconds
Find all reader and writers took 158 milliseconds
Script Module: Mirror.Components.dll
[NetworkAnimator] NetworkBehaviourProcessor
[NetworkRoomPlayer] NetworkBehaviourProcessor
[NetworkLobbyPlayer] NetworkBehaviourProcessor
[NetworkVisibility] NetworkBehaviourProcessor
[NetworkVisibility] Found NetworkBehaviour Mirror.NetworkVisibility
[NetworkVisibility] Process Start
[NetworkVisibility]   GenerateSerialization
[NetworkVisibility]   GenerateDeSerialization
[NetworkVisibility] Process Done
[NetworkMatchChecker] NetworkBehaviourProcessor
[NetworkVisibility] NetworkBehaviourProcessor
[NetworkOwnerChecker] NetworkBehaviourProcessor
[NetworkVisibility] NetworkBehaviourProcessor
[NetworkProximityChecker] NetworkBehaviourProcessor
[NetworkRoomPlayer] NetworkBehaviourProcessor
[NetworkVisibility] NetworkBehaviourProcessor
[NetworkSceneChecker] NetworkBehaviourProcessor
[NetworkTransformBase] NetworkBehaviourProcessor
[NetworkTransform] NetworkBehaviourProcessor
[NetworkTransformBase] NetworkBehaviourProcessor
[NetworkTransformBase] NetworkBehaviourProcessor
[NetworkTransformChild] NetworkBehaviourProcessor
[NetworkLerpRigidbody] NetworkBehaviourProcessor
[NetworkRigidbody] NetworkBehaviourProcessor
[NetworkRigidbody2D] NetworkBehaviourProcessor
[NetworkTransformBase] NetworkBehaviourProcessor
[NetworkTransform] NetworkBehaviourProcessor
[NetworkTransformBase] NetworkBehaviourProcessor
[NetworkTransformBase] NetworkBehaviourProcessor
[NetworkTransformChild] NetworkBehaviourProcessor
Weave behaviours and messages took42 milliseconds
  ProcessSitesModule Mirror.Components.dll elapsed time:00:00:00.0021210
Find all reader and writers took 153 milliseconds
Script Module: Mirror.Tests.Common.dll
Weave behaviours and messages took8 milliseconds
Find all reader and writers took 188 milliseconds
Script Module: Unity.TextMeshPro.dll
Weave behaviours and messages took158 milliseconds
Find all reader and writers took 150 milliseconds
Script Module: Mirror.Tests.Runtime.dll
Weave behaviours and messages took11 milliseconds
Find all reader and writers took 165 milliseconds
Script Module: Telepathy.dll
Weave behaviours and messages took6 milliseconds
Find all reader and writers took 163 milliseconds
Script Module: Mirror.Authenticators.dll
Weave behaviours and messages took4 milliseconds
  ProcessSitesModule Mirror.Authenticators.dll elapsed time:00:00:00
Find all reader and writers took 157 milliseconds
Script Module: kcp2k.dll
Weave behaviours and messages took12 milliseconds
Find all reader and writers took 172 milliseconds
Script Module: Mirror.Examples.Cloud.GUI.dll
Weave behaviours and messages took6 milliseconds
Find all reader and writers took 159 milliseconds
Script Module: Mirror.Cloud.dll
Weave behaviours and messages took8 milliseconds
Find all reader and writers took 167 milliseconds
Script Module: Mirror.Examples.Cloud.Pong.dll
[Ball] NetworkBehaviourProcessor
[BallManager] NetworkBehaviourProcessor
[Player] NetworkBehaviourProcessor
Weave behaviours and messages took3 milliseconds
  ProcessSitesModule Mirror.Examples.Cloud.Pong.dll elapsed time:00:00:00
Find all reader and writers took 161 milliseconds
Script Module: Assembly-CSharp.dll
Weave behaviours and messages took7 milliseconds
Find all reader and writers took 150 milliseconds
Script Module: Unity.RenderPipelines.Core.ShaderLibrary.dll
Weave behaviours and messages took0 milliseconds
Find all reader and writers took 144 milliseconds
Script Module: Unity.RenderPipelines.Universal.Shaders.dll
Weave behaviours and messages took0 milliseconds
Find all reader and writers took 154 milliseconds
Script Module: Mirror.Tests.Performance.Runtime.dll
Weave behaviours and messages took0 milliseconds
Find all reader and writers took 149 milliseconds
Script Module: Unity.RenderPipelines.ShaderGraph.ShaderGraphLibrary.dll
Weave behaviours and messages took0 milliseconds
Find all reader and writers took 150 milliseconds
Script Module: Unity.RenderPipeline.Universal.ShaderLibrary.dll
Weave behaviours and messages took0 milliseconds
Find all reader and writers took 177 milliseconds
Script Module: UnityEditor.TestRunner.dll
Weave behaviours and messages took81 milliseconds
Find all reader and writers took 184 milliseconds
Script Module: UnityEditor.UI.dll
Weave behaviours and messages took20 milliseconds
Find all reader and writers took 178 milliseconds
Script Module: Mirror.Tests.dll
[EmptyBehaviour] NetworkBehaviourProcessor
[SyncVarGameObjectEqualExposedBehaviour] NetworkBehaviourProcessor
[SyncVarNetworkIdentityEqualExposedBehaviour] NetworkBehaviourProcessor
[NetworkBehaviourSendCommandInternalComponent] NetworkBehaviourProcessor
[NetworkBehaviourSendRPCInternalComponent] NetworkBehaviourProcessor
[NetworkBehaviourSendTargetRPCInternalComponent] NetworkBehaviourProcessor
[NetworkBehaviourDelegateComponent] NetworkBehaviourProcessor
[NetworkBehaviourSetSyncVarGameObjectComponent] NetworkBehaviourProcessor
[NetworkBehaviourGetSyncVarGameObjectComponent] NetworkBehaviourProcessor
[NetworkBehaviourSetSyncVarNetworkIdentityComponent] NetworkBehaviourProcessor
[NetworkBehaviourGetSyncVarNetworkIdentityComponent] NetworkBehaviourProcessor
[NetworkBehaviourInitSyncObjectExposed] NetworkBehaviourProcessor
[OnStopClientComponent] NetworkBehaviourProcessor
[OnStartClientComponent] NetworkBehaviourProcessor
[OnStartLocalPlayerComponent] NetworkBehaviourProcessor
[NetworkBehaviourHookGuardTester] NetworkBehaviourProcessor
[NetworkBehaviourInitSyncObjectTester] NetworkBehaviourProcessor
[CommandTestNetworkBehaviour] NetworkBehaviourProcessor
[RpcTestNetworkBehaviour] NetworkBehaviourProcessor
[OnStartClientTestNetworkBehaviour] NetworkBehaviourProcessor
[OnStopClientTestNetworkBehaviour] NetworkBehaviourProcessor
[TestObjectBehaviour] NetworkBehaviourProcessor
[TestPlayerBehaviour] NetworkBehaviourProcessor
[HookBehaviour] NetworkBehaviourProcessor
[GameObjectHookBehaviour] NetworkBehaviourProcessor
[NetworkIdentityHookBehaviour] NetworkBehaviourProcessor
[NetworkBehaviourHookBehaviour] NetworkBehaviourProcessor
[StaticHookBehaviour] NetworkBehaviourProcessor
[VirtualHookBase] NetworkBehaviourProcessor
[VirtualHookBase] NetworkBehaviourProcessor
[VirtualOverrideHook] NetworkBehaviourProcessor
[AbstractHookBase] NetworkBehaviourProcessor
[AbstractHookBase] NetworkBehaviourProcessor
[AbstractHook] NetworkBehaviourProcessor
[MockPlayer] NetworkBehaviourProcessor
[SyncVarGameObject] NetworkBehaviourProcessor
[SyncVarNetworkIdentity] NetworkBehaviourProcessor
[SyncVarTransform] NetworkBehaviourProcessor
[SyncVarNetworkBehaviour] NetworkBehaviourProcessor
[AbstractBehaviour] NetworkBehaviourProcessor
[BehaviourWithSyncVar] NetworkBehaviourProcessor
[AbstractBehaviour] NetworkBehaviourProcessor
[OverrideBehaviourFromSyncVar] NetworkBehaviourProcessor
[AbstractBehaviour] NetworkBehaviourProcessor
[OverrideBehaviourWithSyncVarFromSyncVar] NetworkBehaviourProcessor
[AbstractBehaviour] NetworkBehaviourProcessor
[MiddleClass] NetworkBehaviourProcessor
[AbstractBehaviour] NetworkBehaviourProcessor
[MiddleClass] NetworkBehaviourProcessor
[SubClass] NetworkBehaviourProcessor
[AbstractBehaviour] NetworkBehaviourProcessor
[MiddleClassWithSyncVar] NetworkBehaviourProcessor
[AbstractBehaviour] NetworkBehaviourProcessor
[MiddleClassWithSyncVar] NetworkBehaviourProcessor
[SubClassFromSyncVar] NetworkBehaviourProcessor
[BehaviourWithSyncVarWithOnSerialize] NetworkBehaviourProcessor
[AbstractBehaviour] NetworkBehaviourProcessor
[OverrideBehaviourFromSyncVarWithOnSerialize] NetworkBehaviourProcessor
[AbstractBehaviour] NetworkBehaviourProcessor
[OverrideBehaviourWithSyncVarFromSyncVarWithOnSerialize] NetworkBehaviourProcessor
[AttributeBehaviour_NetworkBehaviour] NetworkBehaviourProcessor
[DataSenderBehaviour] NetworkBehaviourProcessor
[PayloadTestBehaviour] NetworkBehaviourProcessor
[BehaviourWithEvents] NetworkBehaviourProcessor
[VirtualClientRpc] NetworkBehaviourProcessor
[VirtualClientRpc] NetworkBehaviourProcessor
[VirtualNoOverrideClientRpc] NetworkBehaviourProcessor
[VirtualClientRpc] NetworkBehaviourProcessor
[VirtualOverrideClientRpc] NetworkBehaviourProcessor
[VirtualClientRpc] NetworkBehaviourProcessor
[VirtualOverrideClientRpcWithBase] NetworkBehaviourProcessor
[ClientRpcBehaviour] NetworkBehaviourProcessor
[ExcludeOwnerBehaviour] NetworkBehaviourProcessor
[VirtualCommand] NetworkBehaviourProcessor
[VirtualCommand] NetworkBehaviourProcessor
[VirtualNoOverrideCommand] NetworkBehaviourProcessor
[VirtualCommand] NetworkBehaviourProcessor
[VirtualOverrideCommand] NetworkBehaviourProcessor
[VirtualCommand] NetworkBehaviourProcessor
[VirtualOverrideCommandWithBase] NetworkBehaviourProcessor
[VirtualCommand] NetworkBehaviourProcessor
[VirtualOverrideCommandWithBase] NetworkBehaviourProcessor
[VirtualOverrideCommandWithBase2] NetworkBehaviourProcessor
[AuthorityBehaviour] NetworkBehaviourProcessor
[IgnoreAuthorityBehaviour] NetworkBehaviourProcessor
[SenderConnectionBehaviour] NetworkBehaviourProcessor
[SenderConnectionIgnoreAuthorityBehaviour] NetworkBehaviourProcessor
[ThrowBehaviour] NetworkBehaviourProcessor
[RpcNetworkIdentityBehaviour] NetworkBehaviourProcessor
[VirtualTargetRpc] NetworkBehaviourProcessor
[VirtualTargetRpc] NetworkBehaviourProcessor
[VirtualNoOverrideTargetRpc] NetworkBehaviourProcessor
[VirtualTargetRpc] NetworkBehaviourProcessor
[VirtualOverrideTargetRpc] NetworkBehaviourProcessor
[VirtualTargetRpc] NetworkBehaviourProcessor
[VirtualOverrideTargetRpcWithBase] NetworkBehaviourProcessor
[TargetRpcBehaviour] NetworkBehaviourProcessor
Weave behaviours and messages took195 milliseconds
  ProcessSitesModule Mirror.Tests.dll elapsed time:00:00:00.0123334
Find all reader and writers took 145 milliseconds
Script Module: Unity.ShaderGraph.Utilities.dll
Weave behaviours and messages took0 milliseconds
Find all reader and writers took 158 milliseconds
Script Module: WeaverTestExtraAssembly.dll
Weave behaviours and messages took2 milliseconds
  ProcessSitesModule WeaverTestExtraAssembly.dll elapsed time:00:00:00
Find all reader and writers took 146 milliseconds
Script Module: Mirror.CompilerSymbols.dll
Weave behaviours and messages took0 milliseconds
Mono: successfully reloaded assembly
- Completed reload, in 16.213 seconds
Platform modules already initialized, skipping
========================================================================
Worker process is ready to serve import requests
Shader 'Universal Render Pipeline/Particles/Lit': fallback shader 'Universal Render Pipeline/Particles/SimpleLit' not found
Shader 'Universal Render Pipeline/Particles/Lit': fallback shader 'Universal Render Pipeline/Particles/SimpleLit' not found
Launched and connected shader compiler UnityShaderCompiler.exe after 0.06 seconds
Refreshing native plugins compatible for Editor in 0.70 ms, found 0 plugins.
Preloading 0 native plugins for Editor in 0.00 ms.
Unloading 2785 Unused Serialized files (Serialized files now loaded: 0)
System memory in use before: 125.6 MB.
System memory in use after: 123.6 MB.

Unloading 53 unused Assets to reduce memory usage. Loaded Objects now: 3186.
Total: 4.071200 ms (FindLiveObjects: 0.265100 ms CreateObjectMapping: 0.155400 ms MarkObjects: 2.508600 ms  DeleteObjects: 1.140700 ms)

========================================================================
Received Import Request.
  path: Assets/Scenes/Game.unity
  artifactKey: Guid(d1c3109bdb54ad54c8a2b2838528e640) Importer(815301076,1909f56bfc062723c751e8b465ee728b)
Start importing Assets/Scenes/Game.unity using Guid(d1c3109bdb54ad54c8a2b2838528e640) Importer(815301076,1909f56bfc062723c751e8b465ee728b)  -> (artifact id: '6e5d003b357bf7fd133ae8df243cbee6') in 0.016965 seconds
  Import took 0.021080 seconds .

========================================================================
Received Import Request.
  Time since last request: 0.000332 seconds.
  path: Assets/AudioMixer.mixer
  artifactKey: Guid(4b82e99d2a4127148a3ccada1dc6de98) Importer(815301076,1909f56bfc062723c751e8b465ee728b)
Start importing Assets/AudioMixer.mixer using Guid(4b82e99d2a4127148a3ccada1dc6de98) Importer(815301076,1909f56bfc062723c751e8b465ee728b)  -> (artifact id: '65e953304e7841043239dcdec3cb1da5') in 0.035992 seconds
  Import took 0.040219 seconds .

========================================================================
Received Import Request.
  Time since last request: 0.000234 seconds.
  path: Assets/Scripts/Menu/UI_Manager.cs
  artifactKey: Guid(aace9a5edabbf44429218d4b73844299) Importer(815301076,1909f56bfc062723c751e8b465ee728b)
Start importing Assets/Scripts/Menu/UI_Manager.cs using Guid(aace9a5edabbf44429218d4b73844299) Importer(815301076,1909f56bfc062723c751e8b465ee728b)  -> (artifact id: 'e81050202e65c2e14cdfaf8f1778ffea') in 0.009975 seconds
  Import took 0.014847 seconds .

========================================================================
Received Prepare
Shader 'Universal Render Pipeline/Particles/Lit': fallback shader 'Universal Render Pipeline/Particles/SimpleLit' not found
Shader 'Universal Render Pipeline/Particles/Lit': fallback shader 'Universal Render Pipeline/Particles/SimpleLit' not found
Refreshing native plugins compatible for Editor in 3.19 ms, found 0 plugins.
Preloading 0 native plugins for Editor in 0.00 ms.
Unloading 46 Unused Serialized files (Serialized files now loaded: 0)
System memory in use before: 69.6 MB.
System memory in use after: 67.5 MB.

Unloading 46 unused Assets to reduce memory usage. Loaded Objects now: 3186.
Total: 5.553400 ms (FindLiveObjects: 0.309000 ms CreateObjectMapping: 0.188700 ms MarkObjects: 3.302500 ms  DeleteObjects: 1.751900 ms)

========================================================================
Received Prepare
Registering precompiled user dll's ...
Registered in 0.005460 seconds.
Begin MonoManager ReloadAssembly
Native extension for WindowsStandalone target not found
Refreshing native plugins compatible for Editor in 0.48 ms, found 0 plugins.
Preloading 0 native plugins for Editor in 0.00 ms.
Invoked RoslynAnalysisRunner static constructor.
RoslynAnalysisRunner will not be running.
RoslynAnalysisRunner has terminated.
Mono: successfully reloaded assembly
- Completed reload, in  1.019 seconds
Platform modules already initialized, skipping
Shader 'Universal Render Pipeline/Particles/Lit': fallback shader 'Universal Render Pipeline/Particles/SimpleLit' not found
Shader 'Universal Render Pipeline/Particles/Lit': fallback shader 'Universal Render Pipeline/Particles/SimpleLit' not found
Refreshing native plugins compatible for Editor in 0.79 ms, found 0 plugins.
Preloading 0 native plugins for Editor in 0.00 ms.
Unloading 2696 Unused Serialized files (Serialized files now loaded: 0)
System memory in use before: 123.4 MB.
System memory in use after: 121.3 MB.

Unloading 48 unused Assets to reduce memory usage. Loaded Objects now: 3188.
Total: 3.386100 ms (FindLiveObjects: 0.291100 ms CreateObjectMapping: 0.187300 ms MarkObjects: 1.660100 ms  DeleteObjects: 1.246400 ms)

========================================================================
Received Import Request.
  Time since last request: 835.754204 seconds.
  path: Assets/Scripts/AI
  artifactKey: Guid(a3370c2bf5d617c4e93672a9ed237f99) Importer(815301076,1909f56bfc062723c751e8b465ee728b)
Start importing Assets/Scripts/AI using Guid(a3370c2bf5d617c4e93672a9ed237f99) Importer(815301076,1909f56bfc062723c751e8b465ee728b)  -> (artifact id: '84d3dd43ec0e1d8050127503261708a7') in 0.011807 seconds
  Import took 0.018187 seconds .

========================================================================
Received Import Request.
  Time since last request: 0.004999 seconds.
  path: Assets/Scripts/AI
  artifactKey: Guid(a3370c2bf5d617c4e93672a9ed237f99) Importer(815301076,1909f56bfc062723c751e8b465ee728b)
Start importing Assets/Scripts/AI using Guid(a3370c2bf5d617c4e93672a9ed237f99) Importer(815301076,1909f56bfc062723c751e8b465ee728b)  -> (artifact id: '84d3dd43ec0e1d8050127503261708a7') in 0.002930 seconds
  Import took 0.007003 seconds .

========================================================================
Received Import Request.
  Time since last request: 11.425637 seconds.
  path: Assets/Scripts/AI/Alien.cs
  artifactKey: Guid(35951ac68040e0a409dd4d261df507d1) Importer(815301076,1909f56bfc062723c751e8b465ee728b)
Start importing Assets/Scripts/AI/Alien.cs using Guid(35951ac68040e0a409dd4d261df507d1) Importer(815301076,1909f56bfc062723c751e8b465ee728b)  -> (artifact id: 'e7288173c2dd758ff41c5421b3c51ab1') in 0.006911 seconds
  Import took 0.011207 seconds .

========================================================================
Received Prepare
Registering precompiled user dll's ...
Registered in 0.007604 seconds.
Begin MonoManager ReloadAssembly
Native extension for WindowsStandalone target not found
Refreshing native plugins compatible for Editor in 0.48 ms, found 0 plugins.
Preloading 0 native plugins for Editor in 0.00 ms.
Invoked RoslynAnalysisRunner static constructor.
RoslynAnalysisRunner will not be running.
RoslynAnalysisRunner has terminated.
Mono: successfully reloaded assembly
- Completed reload, in  0.968 seconds
Platform modules already initialized, skipping
Shader 'Universal Render Pipeline/Particles/Lit': fallback shader 'Universal Render Pipeline/Particles/SimpleLit' not found
Shader 'Universal Render Pipeline/Particles/Lit': fallback shader 'Universal Render Pipeline/Particles/SimpleLit' not found
Refreshing native plugins compatible for Editor in 0.84 ms, found 0 plugins.
Preloading 0 native plugins for Editor in 0.00 ms.
Unloading 2697 Unused Serialized files (Serialized files now loaded: 0)
System memory in use before: 122.5 MB.
System memory in use after: 120.4 MB.

Unloading 48 unused Assets to reduce memory usage. Loaded Objects now: 3191.
Total: 4.723300 ms (FindLiveObjects: 0.491000 ms CreateObjectMapping: 0.216400 ms MarkObjects: 2.492300 ms  DeleteObjects: 1.521600 ms)

========================================================================
Received Import Request.
  Time since last request: 51.770601 seconds.
  path: Assets/Scripts/AI/Alien.cs
  artifactKey: Guid(35951ac68040e0a409dd4d261df507d1) Importer(815301076,1909f56bfc062723c751e8b465ee728b)
Start importing Assets/Scripts/AI/Alien.cs using Guid(35951ac68040e0a409dd4d261df507d1) Importer(815301076,1909f56bfc062723c751e8b465ee728b)  -> (artifact id: '90a05d5736bc804dd6a835013ea148b1') in 0.011049 seconds
  Import took 0.018732 seconds .

========================================================================
Received Import Request.
  Time since last request: 0.250225 seconds.
  path: Assets/Scripts/AI/Alien.cs
  artifactKey: Guid(35951ac68040e0a409dd4d261df507d1) Importer(815301076,1909f56bfc062723c751e8b465ee728b)
Start importing Assets/Scripts/AI/Alien.cs using Guid(35951ac68040e0a409dd4d261df507d1) Importer(815301076,1909f56bfc062723c751e8b465ee728b)  -> (artifact id: '90a05d5736bc804dd6a835013ea148b1') in 0.006537 seconds
  Import took 0.015415 seconds .

========================================================================
Received Prepare
Registering precompiled user dll's ...
Registered in 0.008226 seconds.
Begin MonoManager ReloadAssembly
Native extension for WindowsStandalone target not found
Refreshing native plugins compatible for Editor in 0.56 ms, found 0 plugins.
Preloading 0 native plugins for Editor in 0.00 ms.
Invoked RoslynAnalysisRunner static constructor.
RoslynAnalysisRunner will not be running.
RoslynAnalysisRunner has terminated.
Mono: successfully reloaded assembly
- Completed reload, in  1.693 seconds
Platform modules already initialized, skipping
Shader 'Universal Render Pipeline/Particles/Lit': fallback shader 'Universal Render Pipeline/Particles/SimpleLit' not found
Shader 'Universal Render Pipeline/Particles/Lit': fallback shader 'Universal Render Pipeline/Particles/SimpleLit' not found
Refreshing native plugins compatible for Editor in 0.69 ms, found 0 plugins.
Preloading 0 native plugins for Editor in 0.00 ms.
Unloading 2697 Unused Serialized files (Serialized files now loaded: 0)
System memory in use before: 122.4 MB.
System memory in use after: 120.4 MB.

Unloading 48 unused Assets to reduce memory usage. Loaded Objects now: 3193.
Total: 4.971500 ms (FindLiveObjects: 0.556000 ms CreateObjectMapping: 0.275600 ms MarkObjects: 2.529700 ms  DeleteObjects: 1.608500 ms)

========================================================================
Received Import Request.
  Time since last request: 27.829622 seconds.
  path: Assets/Scripts/AI/Alien.cs
  artifactKey: Guid(35951ac68040e0a409dd4d261df507d1) Importer(815301076,1909f56bfc062723c751e8b465ee728b)
Start importing Assets/Scripts/AI/Alien.cs using Guid(35951ac68040e0a409dd4d261df507d1) Importer(815301076,1909f56bfc062723c751e8b465ee728b)  -> (artifact id: '29e65084768fcf95787bdcb9ae0dfb68') in 0.008023 seconds
  Import took 0.014004 seconds .

========================================================================
Received Import Request.
  Time since last request: 0.130878 seconds.
  path: Assets/Scripts/AI/Alien.cs
  artifactKey: Guid(35951ac68040e0a409dd4d261df507d1) Importer(815301076,1909f56bfc062723c751e8b465ee728b)
Start importing Assets/Scripts/AI/Alien.cs using Guid(35951ac68040e0a409dd4d261df507d1) Importer(815301076,1909f56bfc062723c751e8b465ee728b)  -> (artifact id: '29e65084768fcf95787bdcb9ae0dfb68') in 0.032319 seconds
  Import took 0.130762 seconds .

========================================================================
Received Prepare
Registering precompiled user dll's ...
Registered in 0.009888 seconds.
Begin MonoManager ReloadAssembly
Native extension for WindowsStandalone target not found
Refreshing native plugins compatible for Editor in 0.52 ms, found 0 plugins.
Preloading 0 native plugins for Editor in 0.00 ms.
Invoked RoslynAnalysisRunner static constructor.
RoslynAnalysisRunner will not be running.
RoslynAnalysisRunner has terminated.
Mono: successfully reloaded assembly
- Completed reload, in  1.406 seconds
Platform modules already initialized, skipping
Shader 'Universal Render Pipeline/Particles/Lit': fallback shader 'Universal Render Pipeline/Particles/SimpleLit' not found
Shader 'Universal Render Pipeline/Particles/Lit': fallback shader 'Universal Render Pipeline/Particles/SimpleLit' not found
Refreshing native plugins compatible for Editor in 0.59 ms, found 0 plugins.
Preloading 0 native plugins for Editor in 0.00 ms.
Unloading 2697 Unused Serialized files (Serialized files now loaded: 0)
System memory in use before: 122.5 MB.
System memory in use after: 120.4 MB.

Unloading 48 unused Assets to reduce memory usage. Loaded Objects now: 3195.
Total: 7.592300 ms (FindLiveObjects: 0.548400 ms CreateObjectMapping: 0.273500 ms MarkObjects: 5.106200 ms  DeleteObjects: 1.662100 ms)

========================================================================
Received Import Request.
  Time since last request: 21.895771 seconds.
  path: Assets/Scripts/AI/Alien.cs
  artifactKey: Guid(35951ac68040e0a409dd4d261df507d1) Importer(815301076,1909f56bfc062723c751e8b465ee728b)
Start importing Assets/Scripts/AI/Alien.cs using Guid(35951ac68040e0a409dd4d261df507d1) Importer(815301076,1909f56bfc062723c751e8b465ee728b)  -> (artifact id: 'f38e6b6b2a910042b39adc8990512353') in 0.005712 seconds
  Import took 0.009615 seconds .

========================================================================
Received Import Request.
  Time since last request: 0.072281 seconds.
  path: Assets/Scripts/AI/Alien.cs
  artifactKey: Guid(35951ac68040e0a409dd4d261df507d1) Importer(815301076,1909f56bfc062723c751e8b465ee728b)
Start importing Assets/Scripts/AI/Alien.cs using Guid(35951ac68040e0a409dd4d261df507d1) Importer(815301076,1909f56bfc062723c751e8b465ee728b)  -> (artifact id: 'f38e6b6b2a910042b39adc8990512353') in 0.003348 seconds
  Import took 0.007963 seconds .

========================================================================
Received Prepare
Registering precompiled user dll's ...
Registered in 0.005385 seconds.
Begin MonoManager ReloadAssembly
Native extension for WindowsStandalone target not found
Refreshing native plugins compatible for Editor in 0.47 ms, found 0 plugins.
Preloading 0 native plugins for Editor in 0.00 ms.
Invoked RoslynAnalysisRunner static constructor.
RoslynAnalysisRunner will not be running.
RoslynAnalysisRunner has terminated.
Mono: successfully reloaded assembly
- Completed reload, in  0.949 seconds
Platform modules already initialized, skipping
Shader 'Universal Render Pipeline/Particles/Lit': fallback shader 'Universal Render Pipeline/Particles/SimpleLit' not found
Shader 'Universal Render Pipeline/Particles/Lit': fallback shader 'Universal Render Pipeline/Particles/SimpleLit' not found
Refreshing native plugins compatible for Editor in 0.48 ms, found 0 plugins.
Preloading 0 native plugins for Editor in 0.00 ms.
Unloading 2697 Unused Serialized files (Serialized files now loaded: 0)
System memory in use before: 122.5 MB.
System memory in use after: 120.4 MB.

Unloading 48 unused Assets to reduce memory usage. Loaded Objects now: 3197.
Total: 3.357000 ms (FindLiveObjects: 0.348600 ms CreateObjectMapping: 0.152300 ms MarkObjects: 1.583300 ms  DeleteObjects: 1.271900 ms)

========================================================================
Received Import Request.
  Time since last request: 26.064464 seconds.
  path: Assets/Scripts/AI/AlienSpawner.cs
  artifactKey: Guid(35951ac68040e0a409dd4d261df507d1) Importer(815301076,1909f56bfc062723c751e8b465ee728b)
Start importing Assets/Scripts/AI/AlienSpawner.cs using Guid(35951ac68040e0a409dd4d261df507d1) Importer(815301076,1909f56bfc062723c751e8b465ee728b)  -> (artifact id: 'bfe7338c661271e813deac7610029435') in 0.009727 seconds
  Import took 0.013706 seconds .

========================================================================
Received Import Request.
  Time since last request: 0.064195 seconds.
  path: Assets/Scripts/AI/AlienSpawner.cs
  artifactKey: Guid(35951ac68040e0a409dd4d261df507d1) Importer(815301076,1909f56bfc062723c751e8b465ee728b)
Start importing Assets/Scripts/AI/AlienSpawner.cs using Guid(35951ac68040e0a409dd4d261df507d1) Importer(815301076,1909f56bfc062723c751e8b465ee728b)  -> (artifact id: 'bfe7338c661271e813deac7610029435') in 0.002496 seconds
  Import took 0.008514 seconds .

========================================================================
Received Prepare
Registering precompiled user dll's ...
Registered in 0.005868 seconds.
Begin MonoManager ReloadAssembly
Native extension for WindowsStandalone target not found
Refreshing native plugins compatible for Editor in 0.50 ms, found 0 plugins.
Preloading 0 native plugins for Editor in 0.00 ms.
Invoked RoslynAnalysisRunner static constructor.
RoslynAnalysisRunner will not be running.
RoslynAnalysisRunner has terminated.
Mono: successfully reloaded assembly
- Completed reload, in  1.026 seconds
Platform modules already initialized, skipping
Shader 'Universal Render Pipeline/Particles/Lit': fallback shader 'Universal Render Pipeline/Particles/SimpleLit' not found
Shader 'Universal Render Pipeline/Particles/Lit': fallback shader 'Universal Render Pipeline/Particles/SimpleLit' not found
Refreshing native plugins compatible for Editor in 0.48 ms, found 0 plugins.
Preloading 0 native plugins for Editor in 0.00 ms.
Unloading 2697 Unused Serialized files (Serialized files now loaded: 0)
System memory in use before: 122.5 MB.
System memory in use after: 120.4 MB.

Unloading 48 unused Assets to reduce memory usage. Loaded Objects now: 3199.
Total: 4.785100 ms (FindLiveObjects: 0.443400 ms CreateObjectMapping: 0.195800 ms MarkObjects: 2.688500 ms  DeleteObjects: 1.456300 ms)

========================================================================
Received Import Request.
  Time since last request: 35.515326 seconds.
  path: Assets/Scripts/AI/AlienSpawner.cs
  artifactKey: Guid(35951ac68040e0a409dd4d261df507d1) Importer(815301076,1909f56bfc062723c751e8b465ee728b)
Start importing Assets/Scripts/AI/AlienSpawner.cs using Guid(35951ac68040e0a409dd4d261df507d1) Importer(815301076,1909f56bfc062723c751e8b465ee728b)  -> (artifact id: '77c04f78e2daa21c988b9c38993d21d3') in 0.005633 seconds
  Import took 0.009588 seconds .

========================================================================
Received Prepare
Registering precompiled user dll's ...
Registered in 0.007859 seconds.
Begin MonoManager ReloadAssembly
Native extension for WindowsStandalone target not found
Refreshing native plugins compatible for Editor in 0.74 ms, found 0 plugins.
Preloading 0 native plugins for Editor in 0.00 ms.
Invoked RoslynAnalysisRunner static constructor.
RoslynAnalysisRunner will not be running.
RoslynAnalysisRunner has terminated.
Mono: successfully reloaded assembly
- Completed reload, in  0.929 seconds
Platform modules already initialized, skipping
Shader 'Universal Render Pipeline/Particles/Lit': fallback shader 'Universal Render Pipeline/Particles/SimpleLit' not found
Shader 'Universal Render Pipeline/Particles/Lit': fallback shader 'Universal Render Pipeline/Particles/SimpleLit' not found
Refreshing native plugins compatible for Editor in 0.46 ms, found 0 plugins.
Preloading 0 native plugins for Editor in 0.00 ms.
Unloading 2697 Unused Serialized files (Serialized files now loaded: 0)
System memory in use before: 122.5 MB.
System memory in use after: 120.4 MB.

Unloading 48 unused Assets to reduce memory usage. Loaded Objects now: 3201.
Total: 3.510100 ms (FindLiveObjects: 0.297700 ms CreateObjectMapping: 0.146600 ms MarkObjects: 1.763200 ms  DeleteObjects: 1.301400 ms)

========================================================================
Received Import Request.
  Time since last request: 96.359824 seconds.
  path: Assets/Scripts/AI/AlienSpawner.cs
  artifactKey: Guid(35951ac68040e0a409dd4d261df507d1) Importer(815301076,1909f56bfc062723c751e8b465ee728b)
Start importing Assets/Scripts/AI/AlienSpawner.cs using Guid(35951ac68040e0a409dd4d261df507d1) Importer(815301076,1909f56bfc062723c751e8b465ee728b)  -> (artifact id: 'e3bd17292d9ea8aac7a319037b2ff787') in 0.007258 seconds
  Import took 0.013203 seconds .

========================================================================
Received Import Request.
  Time since last request: 10.365980 seconds.
  path: Assets/Scripts/AI/AlienSpawner.cs
  artifactKey: Guid(35951ac68040e0a409dd4d261df507d1) Importer(815301076,1909f56bfc062723c751e8b465ee728b)
Start importing Assets/Scripts/AI/AlienSpawner.cs using Guid(35951ac68040e0a409dd4d261df507d1) Importer(815301076,1909f56bfc062723c751e8b465ee728b)  -> (artifact id: '7793a6aa398d06535593fd333b786a9c') in 0.002769 seconds
  Import took 0.006656 seconds .

========================================================================
Received Import Request.
  Time since last request: 27.909306 seconds.
  path: Assets/Scripts/AI/AlienSpawner.cs
  artifactKey: Guid(35951ac68040e0a409dd4d261df507d1) Importer(815301076,1909f56bfc062723c751e8b465ee728b)
Start importing Assets/Scripts/AI/AlienSpawner.cs using Guid(35951ac68040e0a409dd4d261df507d1) Importer(815301076,1909f56bfc062723c751e8b465ee728b)  -> (artifact id: '3283056527a9a902b4195761e350e42a') in 0.003753 seconds
  Import took 0.008070 seconds .

========================================================================
Received Prepare
Registering precompiled user dll's ...
Registered in 0.007843 seconds.
Begin MonoManager ReloadAssembly
Native extension for WindowsStandalone target not found
Refreshing native plugins compatible for Editor in 0.47 ms, found 0 plugins.
Preloading 0 native plugins for Editor in 0.00 ms.
Invoked RoslynAnalysisRunner static constructor.
RoslynAnalysisRunner will not be running.
RoslynAnalysisRunner has terminated.
Mono: successfully reloaded assembly
- Completed reload, in  1.049 seconds
Platform modules already initialized, skipping
Shader 'Universal Render Pipeline/Particles/Lit': fallback shader 'Universal Render Pipeline/Particles/SimpleLit' not found
Shader 'Universal Render Pipeline/Particles/Lit': fallback shader 'Universal Render Pipeline/Particles/SimpleLit' not found
Refreshing native plugins compatible for Editor in 0.52 ms, found 0 plugins.
Preloading 0 native plugins for Editor in 0.00 ms.
Unloading 2697 Unused Serialized files (Serialized files now loaded: 0)
System memory in use before: 122.5 MB.
System memory in use after: 120.5 MB.

Unloading 48 unused Assets to reduce memory usage. Loaded Objects now: 3203.
Total: 4.326700 ms (FindLiveObjects: 0.516100 ms CreateObjectMapping: 0.214500 ms MarkObjects: 1.950700 ms  DeleteObjects: 1.644200 ms)

========================================================================
Received Import Request.
  Time since last request: 13.701563 seconds.
  path: Assets/Scripts/AI/AlienSpawner.cs
  artifactKey: Guid(35951ac68040e0a409dd4d261df507d1) Importer(815301076,1909f56bfc062723c751e8b465ee728b)
Start importing Assets/Scripts/AI/AlienSpawner.cs using Guid(35951ac68040e0a409dd4d261df507d1) Importer(815301076,1909f56bfc062723c751e8b465ee728b)  -> (artifact id: '8ef8f59a585c7173b6fd0815bc055ae5') in 0.005956 seconds
  Import took 0.012797 seconds .

========================================================================
Received Import Request.
  Time since last request: 0.064829 seconds.
  path: Assets/Scripts/AI/AlienSpawner.cs
  artifactKey: Guid(35951ac68040e0a409dd4d261df507d1) Importer(815301076,1909f56bfc062723c751e8b465ee728b)
Start importing Assets/Scripts/AI/AlienSpawner.cs using Guid(35951ac68040e0a409dd4d261df507d1) Importer(815301076,1909f56bfc062723c751e8b465ee728b)  -> (artifact id: '8ef8f59a585c7173b6fd0815bc055ae5') in 0.002652 seconds
  Import took 0.006794 seconds .

========================================================================
Received Prepare
Registering precompiled user dll's ...
Registered in 0.005438 seconds.
Begin MonoManager ReloadAssembly
Native extension for WindowsStandalone target not found
Refreshing native plugins compatible for Editor in 0.46 ms, found 0 plugins.
Preloading 0 native plugins for Editor in 0.00 ms.
Invoked RoslynAnalysisRunner static constructor.
RoslynAnalysisRunner will not be running.
RoslynAnalysisRunner has terminated.
Mono: successfully reloaded assembly
- Completed reload, in  0.953 seconds
Platform modules already initialized, skipping
Shader 'Universal Render Pipeline/Particles/Lit': fallback shader 'Universal Render Pipeline/Particles/SimpleLit' not found
Shader 'Universal Render Pipeline/Particles/Lit': fallback shader 'Universal Render Pipeline/Particles/SimpleLit' not found
Refreshing native plugins compatible for Editor in 0.48 ms, found 0 plugins.
Preloading 0 native plugins for Editor in 0.00 ms.
Unloading 2697 Unused Serialized files (Serialized files now loaded: 0)
System memory in use before: 122.5 MB.
System memory in use after: 120.5 MB.

Unloading 48 unused Assets to reduce memory usage. Loaded Objects now: 3205.
Total: 3.892600 ms (FindLiveObjects: 0.293400 ms CreateObjectMapping: 0.131700 ms MarkObjects: 2.104300 ms  DeleteObjects: 1.362300 ms)

========================================================================
Received Import Request.
  Time since last request: 35.179982 seconds.
  path: Assets/Scripts/AI/AlienSpawner.cs
  artifactKey: Guid(35951ac68040e0a409dd4d261df507d1) Importer(815301076,1909f56bfc062723c751e8b465ee728b)
Start importing Assets/Scripts/AI/AlienSpawner.cs using Guid(35951ac68040e0a409dd4d261df507d1) Importer(815301076,1909f56bfc062723c751e8b465ee728b)  -> (artifact id: 'cb19d774b37c7302cac42ecff6067352') in 0.005930 seconds
  Import took 0.010021 seconds .

========================================================================
Received Import Request.
  Time since last request: 0.185937 seconds.
  path: Assets/Scripts/AI/AlienSpawner.cs
  artifactKey: Guid(35951ac68040e0a409dd4d261df507d1) Importer(815301076,1909f56bfc062723c751e8b465ee728b)
Start importing Assets/Scripts/AI/AlienSpawner.cs using Guid(35951ac68040e0a409dd4d261df507d1) Importer(815301076,1909f56bfc062723c751e8b465ee728b)  -> (artifact id: 'cb19d774b37c7302cac42ecff6067352') in 0.003348 seconds
  Import took 0.008691 seconds .

========================================================================
Received Prepare
Registering precompiled user dll's ...
Registered in 0.005495 seconds.
Begin MonoManager ReloadAssembly
Native extension for WindowsStandalone target not found
Refreshing native plugins compatible for Editor in 0.46 ms, found 0 plugins.
Preloading 0 native plugins for Editor in 0.00 ms.
Invoked RoslynAnalysisRunner static constructor.
RoslynAnalysisRunner will not be running.
RoslynAnalysisRunner has terminated.
Mono: successfully reloaded assembly
- Completed reload, in  0.926 seconds
Platform modules already initialized, skipping
Shader 'Universal Render Pipeline/Particles/Lit': fallback shader 'Universal Render Pipeline/Particles/SimpleLit' not found
Shader 'Universal Render Pipeline/Particles/Lit': fallback shader 'Universal Render Pipeline/Particles/SimpleLit' not found
Refreshing native plugins compatible for Editor in 0.47 ms, found 0 plugins.
Preloading 0 native plugins for Editor in 0.00 ms.
Unloading 2697 Unused Serialized files (Serialized files now loaded: 0)
System memory in use before: 122.5 MB.
System memory in use after: 120.5 MB.

Unloading 48 unused Assets to reduce memory usage. Loaded Objects now: 3207.
Total: 3.705000 ms (FindLiveObjects: 0.276800 ms CreateObjectMapping: 0.148900 ms MarkObjects: 1.921800 ms  DeleteObjects: 1.356400 ms)

========================================================================
Received Import Request.
  Time since last request: 343.880711 seconds.
  path: Assets/Scripts/AI/AlienSpawner.cs
  artifactKey: Guid(35951ac68040e0a409dd4d261df507d1) Importer(815301076,1909f56bfc062723c751e8b465ee728b)
Start importing Assets/Scripts/AI/AlienSpawner.cs using Guid(35951ac68040e0a409dd4d261df507d1) Importer(815301076,1909f56bfc062723c751e8b465ee728b)  -> (artifact id: '1b56be0a5aa5aa7e9c883af72fe55928') in 0.008291 seconds
  Import took 0.013587 seconds .

========================================================================
Received Import Request.
  Time since last request: 0.210551 seconds.
  path: Assets/Scripts/AI/AlienSpawner.cs
  artifactKey: Guid(35951ac68040e0a409dd4d261df507d1) Importer(815301076,1909f56bfc062723c751e8b465ee728b)
Start importing Assets/Scripts/AI/AlienSpawner.cs using Guid(35951ac68040e0a409dd4d261df507d1) Importer(815301076,1909f56bfc062723c751e8b465ee728b)  -> (artifact id: '1b56be0a5aa5aa7e9c883af72fe55928') in 0.003497 seconds
  Import took 0.008163 seconds .

========================================================================
Received Prepare
Registering precompiled user dll's ...
Registered in 0.005910 seconds.
Begin MonoManager ReloadAssembly
Native extension for WindowsStandalone target not found
Refreshing native plugins compatible for Editor in 0.66 ms, found 0 plugins.
Preloading 0 native plugins for Editor in 0.00 ms.
Invoked RoslynAnalysisRunner static constructor.
RoslynAnalysisRunner will not be running.
RoslynAnalysisRunner has terminated.
Mono: successfully reloaded assembly
- Completed reload, in  0.986 seconds
Platform modules already initialized, skipping
Shader 'Universal Render Pipeline/Particles/Lit': fallback shader 'Universal Render Pipeline/Particles/SimpleLit' not found
Shader 'Universal Render Pipeline/Particles/Lit': fallback shader 'Universal Render Pipeline/Particles/SimpleLit' not found
Refreshing native plugins compatible for Editor in 0.47 ms, found 0 plugins.
Preloading 0 native plugins for Editor in 0.00 ms.
Unloading 2697 Unused Serialized files (Serialized files now loaded: 0)
System memory in use before: 122.5 MB.
System memory in use after: 120.5 MB.

Unloading 48 unused Assets to reduce memory usage. Loaded Objects now: 3209.
Total: 3.516800 ms (FindLiveObjects: 0.287200 ms CreateObjectMapping: 0.161700 ms MarkObjects: 1.675100 ms  DeleteObjects: 1.391800 ms)

========================================================================
Received Import Request.
  Time since last request: 107.999598 seconds.
  path: Assets/Scripts/AI/AlienSpawner.cs
  artifactKey: Guid(35951ac68040e0a409dd4d261df507d1) Importer(815301076,1909f56bfc062723c751e8b465ee728b)
Start importing Assets/Scripts/AI/AlienSpawner.cs using Guid(35951ac68040e0a409dd4d261df507d1) Importer(815301076,1909f56bfc062723c751e8b465ee728b)  -> (artifact id: '8ec197f70dc96472c1e05c2c04ab847d') in 0.007206 seconds
  Import took 0.012695 seconds .

========================================================================
Received Prepare
Registering precompiled user dll's ...
Registered in 0.005743 seconds.
Begin MonoManager ReloadAssembly
Native extension for WindowsStandalone target not found
Refreshing native plugins compatible for Editor in 0.46 ms, found 0 plugins.
Preloading 0 native plugins for Editor in 0.00 ms.
Invoked RoslynAnalysisRunner static constructor.
RoslynAnalysisRunner will not be running.
RoslynAnalysisRunner has terminated.
Mono: successfully reloaded assembly
- Completed reload, in  0.946 seconds
Platform modules already initialized, skipping
Shader 'Universal Render Pipeline/Particles/Lit': fallback shader 'Universal Render Pipeline/Particles/SimpleLit' not found
Shader 'Universal Render Pipeline/Particles/Lit': fallback shader 'Universal Render Pipeline/Particles/SimpleLit' not found
Refreshing native plugins compatible for Editor in 0.58 ms, found 0 plugins.
Preloading 0 native plugins for Editor in 0.00 ms.
Unloading 2697 Unused Serialized files (Serialized files now loaded: 0)
System memory in use before: 122.5 MB.
System memory in use after: 120.5 MB.

Unloading 48 unused Assets to reduce memory usage. Loaded Objects now: 3211.
Total: 4.957400 ms (FindLiveObjects: 0.539200 ms CreateObjectMapping: 0.306200 ms MarkObjects: 2.692600 ms  DeleteObjects: 1.417200 ms)

AssetImportWorkerClient::OnTransportError - code=2 error=End of file
