Using pre-set license
Built from '2020.2/release' branch; Version is '2020.2.2f1 (068178b99f32) revision 426360'; Using compiler version '192528614'; Build Type 'Release'
OS: 'Windows 10 Pro; OS build 19042.964; Version 2009; 64bit' Language: 'en' Physical Memory: 32645 MB
BatchMode: 1, IsHumanControllingUs: 0, StartBugReporterOnCrash: 0, Is64bit: 1, IsPro: 0

 COMMAND LINE ARGUMENTS:
C:\Program Files\Unity\Editor\Unity.exe
-adb2
-batchMode
-noUpm
-name
AssetImportWorker3
-projectPath
C:/Users/lalal/OneDrive - TAFE NSW/Team Games/Space-Warfare-FPS/Group FPS
-logFile
Logs/AssetImportWorker3.log
-srvPort
54879
Successfully changed project path to: C:/Users/lalal/OneDrive - TAFE NSW/Team Games/Space-Warfare-FPS/Group FPS
C:/Users/lalal/OneDrive - TAFE NSW/Team Games/Space-Warfare-FPS/Group FPS
Using Asset Import Pipeline V2.
Refreshing native plugins compatible for Editor in 314.47 ms, found 0 plugins.
Preloading 0 native plugins for Editor in 0.00 ms.
Initialize engine version: 2020.2.2f1 (068178b99f32)
[Subsystems] Discovering subsystems at path C:/Program Files/Unity/Editor/Data/Resources/UnitySubsystems
[Subsystems] Discovering subsystems at path C:/Users/lalal/OneDrive - TAFE NSW/Team Games/Space-Warfare-FPS/Group FPS/Assets
GfxDevice: creating device client; threaded=0
Direct3D:
    Version:  Direct3D 11.0 [level 11.1]
    Renderer: NVIDIA GeForce RTX 2070 with Max-Q Design (ID=0x1f50)
    Vendor:   
    VRAM:     8031 MB
    Driver:   27.21.14.6192
Initialize mono
Mono path[0] = 'C:/Program Files/Unity/Editor/Data/Managed'
Mono path[1] = 'C:/Program Files/Unity/Editor/Data/MonoBleedingEdge/lib/mono/unityjit'
Mono config path = 'C:/Program Files/Unity/Editor/Data/MonoBleedingEdge/etc'
Using monoOptions --debugger-agent=transport=dt_socket,embedding=1,server=y,suspend=n,address=127.0.0.1:56764
Begin MonoManager ReloadAssembly
Registering precompiled unity dll's ...
Register platform support module: C:/Program Files/Unity/Editor/Data/PlaybackEngines/WindowsStandaloneSupport/UnityEditor.WindowsStandalone.Extensions.dll
Registered in 0.005166 seconds.
Native extension for WindowsStandalone target not found
Refreshing native plugins compatible for Editor in 189.38 ms, found 0 plugins.
Preloading 0 native plugins for Editor in 0.00 ms.
Invoked RoslynAnalysisRunner static constructor.
RoslynAnalysisRunner will not be running.
RoslynAnalysisRunner has terminated.
Mono: successfully reloaded assembly
- Completed reload, in  5.503 seconds
Platform modules already initialized, skipping
Registering precompiled user dll's ...
Registered in 0.019398 seconds.
Begin MonoManager ReloadAssembly
Native extension for WindowsStandalone target not found
Refreshing native plugins compatible for Editor in 296.74 ms, found 0 plugins.
Preloading 0 native plugins for Editor in 0.00 ms.
Invoked RoslynAnalysisRunner static constructor.
RoslynAnalysisRunner will not be running.
RoslynAnalysisRunner has terminated.
Find all reader and writers took 1049 milliseconds
Script Module: UnityEngine.UI.dll
Weave behaviours and messages took657 milliseconds
Find all reader and writers took 639 milliseconds
Script Module: Unity.RenderPipelines.Core.Runtime.dll
Weave behaviours and messages took377 milliseconds
Find all reader and writers took 537 milliseconds
Script Module: UnityEngine.TestRunner.dll
Weave behaviours and messages took187 milliseconds
Find all reader and writers took 549 milliseconds
Script Module: Unity.Mathematics.dll
Weave behaviours and messages took1473 milliseconds
Find all reader and writers took 549 milliseconds
Script Module: SimpleWebTransport.dll
Weave behaviours and messages took56 milliseconds
