Using pre-set license
Built from '2020.2/release' branch; Version is '2020.2.2f1 (068178b99f32) revision 426360'; Using compiler version '192528614'; Build Type 'Release'
OS: 'Windows 10 Pro; OS build 19043.1055; Version 2009; 64bit' Language: 'en' Physical Memory: 32645 MB
BatchMode: 1, IsHumanControllingUs: 0, StartBugReporterOnCrash: 0, Is64bit: 1, IsPro: 0

 COMMAND LINE ARGUMENTS:
C:\Program Files\Unity\Hub\Editor\2020.2.2f1\Editor\Unity.exe
-adb2
-batchMode
-noUpm
-name
AssetImportWorker1
-projectPath
C:/Users/lalal/OneDrive - TAFE NSW/Team Games/Delta Sky IX Git/Delta Sky IX
-logFile
Logs/AssetImportWorker1.log
-srvPort
58102
Successfully changed project path to: C:/Users/lalal/OneDrive - TAFE NSW/Team Games/Delta Sky IX Git/Delta Sky IX
C:/Users/lalal/OneDrive - TAFE NSW/Team Games/Delta Sky IX Git/Delta Sky IX
Using Asset Import Pipeline V2.
Refreshing native plugins compatible for Editor in 59.19 ms, found 0 plugins.
Preloading 0 native plugins for Editor in 0.00 ms.
Initialize engine version: 2020.2.2f1 (068178b99f32)
[Subsystems] Discovering subsystems at path C:/Program Files/Unity/Hub/Editor/2020.2.2f1/Editor/Data/Resources/UnitySubsystems
[Subsystems] Discovering subsystems at path C:/Users/lalal/OneDrive - TAFE NSW/Team Games/Delta Sky IX Git/Delta Sky IX/Assets
GfxDevice: creating device client; threaded=0
Direct3D:
    Version:  Direct3D 11.0 [level 11.1]
    Renderer: NVIDIA GeForce RTX 2070 with Max-Q Design (ID=0x1f50)
    Vendor:   
    VRAM:     8031 MB
    Driver:   27.21.14.6230
Shader 'Universal Render Pipeline/Particles/Lit': fallback shader 'Universal Render Pipeline/Particles/SimpleLit' not found
Initialize mono
Mono path[0] = 'C:/Program Files/Unity/Hub/Editor/2020.2.2f1/Editor/Data/Managed'
Mono path[1] = 'C:/Program Files/Unity/Hub/Editor/2020.2.2f1/Editor/Data/MonoBleedingEdge/lib/mono/unityjit'
Mono config path = 'C:/Program Files/Unity/Hub/Editor/2020.2.2f1/Editor/Data/MonoBleedingEdge/etc'
Using monoOptions --debugger-agent=transport=dt_socket,embedding=1,server=y,suspend=n,address=127.0.0.1:56404
Begin MonoManager ReloadAssembly
Registering precompiled unity dll's ...
Register platform support module: C:/Program Files/Unity/Hub/Editor/2020.2.2f1/Editor/Data/PlaybackEngines/WindowsStandaloneSupport/UnityEditor.WindowsStandalone.Extensions.dll
Registered in 0.003034 seconds.
Native extension for WindowsStandalone target not found
Refreshing native plugins compatible for Editor in 53.03 ms, found 0 plugins.
Preloading 0 native plugins for Editor in 0.00 ms.
Invoked RoslynAnalysisRunner static constructor.
RoslynAnalysisRunner will not be running.
RoslynAnalysisRunner has terminated.
Mono: successfully reloaded assembly
- Completed reload, in  2.647 seconds
Platform modules already initialized, skipping
Registering precompiled user dll's ...
Registered in 0.006839 seconds.
Begin MonoManager ReloadAssembly
Native extension for WindowsStandalone target not found
Refreshing native plugins compatible for Editor in 56.38 ms, found 0 plugins.
Preloading 0 native plugins for Editor in 0.00 ms.
Invoked RoslynAnalysisRunner static constructor.
RoslynAnalysisRunner will not be running.
RoslynAnalysisRunner has terminated.
Find all reader and writers took 181 milliseconds
Script Module: UnityEngine.UI.dll
Weave behaviours and messages took149 milliseconds
Find all reader and writers took 165 milliseconds
Script Module: Unity.RenderPipelines.Core.Runtime.dll
Weave behaviours and messages took114 milliseconds
Find all reader and writers took 162 milliseconds
Script Module: UnityEngine.TestRunner.dll
Weave behaviours and messages took60 milliseconds
Find all reader and writers took 167 milliseconds
Script Module: Unity.Mathematics.dll
Weave behaviours and messages took485 milliseconds
Find all reader and writers took 150 milliseconds
Script Module: SimpleWebTransport.dll
Weave behaviours and messages took12 milliseconds
Find all reader and writers took 157 milliseconds
Script Module: Unity.Timeline.dll
Weave behaviours and messages took68 milliseconds
Find all reader and writers took 162 milliseconds
Script Module: Mirror.Examples.dll
[Projectile] NetworkBehaviourProcessor
[Tank] NetworkBehaviourProcessor
[NetworkRoomPlayer] NetworkBehaviourProcessor
[NetworkRoomPlayerExt] NetworkBehaviourProcessor
[PlayerController] NetworkBehaviourProcessor
[PlayerScore] NetworkBehaviourProcessor
[RandomColor] NetworkBehaviourProcessor
[Reward] NetworkBehaviourProcessor
[AddForce] NetworkBehaviourProcessor
[Ball] NetworkBehaviourProcessor
[Player] NetworkBehaviourProcessor
[MatchController] NetworkBehaviourProcessor
[PhysicsCollision] NetworkBehaviourProcessor
[PlayerController] NetworkBehaviourProcessor
[PlayerScore] NetworkBehaviourProcessor
[RandomColor] NetworkBehaviourProcessor
[Reward] NetworkBehaviourProcessor
[Player] NetworkBehaviourProcessor
[MonsterMovement] NetworkBehaviourProcessor
[PlayerMovement] NetworkBehaviourProcessor
[Player] NetworkBehaviourProcessor
[PlayerController] NetworkBehaviourProcessor
[RandomColor] NetworkBehaviourProcessor
[ShootingTankBehaviour] NetworkBehaviourProcessor
Weave behaviours and messages took89 milliseconds
  ProcessSitesModule Mirror.Examples.dll elapsed time:00:00:00.0149589
Find all reader and writers took 187 milliseconds
Script Module: Unity.RenderPipelines.Universal.Runtime.dll
Weave behaviours and messages took112 milliseconds
Find all reader and writers took 169 milliseconds
Script Module: Mirror.Components.dll
[NetworkAnimator] NetworkBehaviourProcessor
[NetworkRoomPlayer] NetworkBehaviourProcessor
[NetworkLobbyPlayer] NetworkBehaviourProcessor
[NetworkVisibility] NetworkBehaviourProcessor
[NetworkVisibility] Found NetworkBehaviour Mirror.NetworkVisibility
[NetworkVisibility] Process Start
[NetworkVisibility]   GenerateSerialization
[NetworkVisibility]   GenerateDeSerialization
[NetworkVisibility] Process Done
[NetworkMatchChecker] NetworkBehaviourProcessor
[NetworkVisibility] NetworkBehaviourProcessor
[NetworkOwnerChecker] NetworkBehaviourProcessor
[NetworkVisibility] NetworkBehaviourProcessor
[NetworkProximityChecker] NetworkBehaviourProcessor
[NetworkRoomPlayer] NetworkBehaviourProcessor
[NetworkVisibility] NetworkBehaviourProcessor
[NetworkSceneChecker] NetworkBehaviourProcessor
[NetworkTransformBase] NetworkBehaviourProcessor
[NetworkTransform] NetworkBehaviourProcessor
[NetworkTransformBase] NetworkBehaviourProcessor
[NetworkTransformBase] NetworkBehaviourProcessor
[NetworkTransformChild] NetworkBehaviourProcessor
[NetworkLerpRigidbody] NetworkBehaviourProcessor
[NetworkRigidbody] NetworkBehaviourProcessor
[NetworkRigidbody2D] NetworkBehaviourProcessor
[NetworkTransformBase] NetworkBehaviourProcessor
[NetworkTransform] NetworkBehaviourProcessor
[NetworkTransformBase] NetworkBehaviourProcessor
[NetworkTransformBase] NetworkBehaviourProcessor
[NetworkTransformChild] NetworkBehaviourProcessor
Weave behaviours and messages took90 milliseconds
  ProcessSitesModule Mirror.Components.dll elapsed time:00:00:00.0040140
Find all reader and writers took 162 milliseconds
Script Module: Mirror.Tests.Common.dll
Weave behaviours and messages took8 milliseconds
Find all reader and writers took 187 milliseconds
Script Module: Unity.TextMeshPro.dll
Weave behaviours and messages took165 milliseconds
Find all reader and writers took 160 milliseconds
Script Module: Assembly-CSharp.dll
[DeltaSkyIXPlayerNet] NetworkBehaviourProcessor
[DeltaSkyIXPlayerSelection] NetworkBehaviourProcessor
[NetworkAlienSpawner] NetworkBehaviourProcessor
Weave behaviours and messages took31 milliseconds
  ProcessSitesModule Assembly-CSharp.dll elapsed time:00:00:00.0009989
Find all reader and writers took 153 milliseconds
Script Module: Mirror.Tests.Runtime.dll
Weave behaviours and messages took12 milliseconds
Find all reader and writers took 156 milliseconds
Script Module: Telepathy.dll
Weave behaviours and messages took5 milliseconds
Find all reader and writers took 163 milliseconds
Script Module: Mirror.Authenticators.dll
Weave behaviours and messages took39 milliseconds
  ProcessSitesModule Mirror.Authenticators.dll elapsed time:00:00:00.0029922
Find all reader and writers took 149 milliseconds
Script Module: kcp2k.dll
Weave behaviours and messages took10 milliseconds
Find all reader and writers took 162 milliseconds
Script Module: Mirror.Examples.Cloud.GUI.dll
Weave behaviours and messages took6 milliseconds
Find all reader and writers took 161 milliseconds
Script Module: Mirror.Cloud.dll
Weave behaviours and messages took7 milliseconds
Find all reader and writers took 180 milliseconds
Script Module: Mirror.Examples.Cloud.Pong.dll
[Ball] NetworkBehaviourProcessor
[BallManager] NetworkBehaviourProcessor
[Player] NetworkBehaviourProcessor
Weave behaviours and messages took39 milliseconds
  ProcessSitesModule Mirror.Examples.Cloud.Pong.dll elapsed time:00:00:00.0019945
Find all reader and writers took 155 milliseconds
Script Module: Unity.RenderPipelines.Core.ShaderLibrary.dll
Weave behaviours and messages took0 milliseconds
Find all reader and writers took 164 milliseconds
Script Module: Unity.RenderPipelines.Universal.Shaders.dll
Weave behaviours and messages took0 milliseconds
Find all reader and writers took 158 milliseconds
Script Module: Mirror.Tests.Performance.Runtime.dll
Weave behaviours and messages took0 milliseconds
Find all reader and writers took 165 milliseconds
Script Module: Unity.RenderPipelines.ShaderGraph.ShaderGraphLibrary.dll
Weave behaviours and messages took0 milliseconds
Find all reader and writers took 155 milliseconds
Script Module: Unity.RenderPipeline.Universal.ShaderLibrary.dll
Weave behaviours and messages took0 milliseconds
Find all reader and writers took 190 milliseconds
Script Module: UnityEditor.TestRunner.dll
Weave behaviours and messages took81 milliseconds
Find all reader and writers took 193 milliseconds
Script Module: UnityEditor.UI.dll
Weave behaviours and messages took27 milliseconds
Find all reader and writers took 203 milliseconds
Script Module: Mirror.Tests.dll
[EmptyBehaviour] NetworkBehaviourProcessor
[SyncVarGameObjectEqualExposedBehaviour] NetworkBehaviourProcessor
[SyncVarNetworkIdentityEqualExposedBehaviour] NetworkBehaviourProcessor
[NetworkBehaviourSendCommandInternalComponent] NetworkBehaviourProcessor
[NetworkBehaviourSendRPCInternalComponent] NetworkBehaviourProcessor
[NetworkBehaviourSendTargetRPCInternalComponent] NetworkBehaviourProcessor
[NetworkBehaviourDelegateComponent] NetworkBehaviourProcessor
[NetworkBehaviourSetSyncVarGameObjectComponent] NetworkBehaviourProcessor
[NetworkBehaviourGetSyncVarGameObjectComponent] NetworkBehaviourProcessor
[NetworkBehaviourSetSyncVarNetworkIdentityComponent] NetworkBehaviourProcessor
[NetworkBehaviourGetSyncVarNetworkIdentityComponent] NetworkBehaviourProcessor
[NetworkBehaviourInitSyncObjectExposed] NetworkBehaviourProcessor
[OnStopClientComponent] NetworkBehaviourProcessor
[OnStartClientComponent] NetworkBehaviourProcessor
[OnStartLocalPlayerComponent] NetworkBehaviourProcessor
[NetworkBehaviourHookGuardTester] NetworkBehaviourProcessor
[NetworkBehaviourInitSyncObjectTester] NetworkBehaviourProcessor
[CommandTestNetworkBehaviour] NetworkBehaviourProcessor
[RpcTestNetworkBehaviour] NetworkBehaviourProcessor
[OnStartClientTestNetworkBehaviour] NetworkBehaviourProcessor
[OnStopClientTestNetworkBehaviour] NetworkBehaviourProcessor
[TestObjectBehaviour] NetworkBehaviourProcessor
[TestPlayerBehaviour] NetworkBehaviourProcessor
[HookBehaviour] NetworkBehaviourProcessor
[GameObjectHookBehaviour] NetworkBehaviourProcessor
[NetworkIdentityHookBehaviour] NetworkBehaviourProcessor
[NetworkBehaviourHookBehaviour] NetworkBehaviourProcessor
[StaticHookBehaviour] NetworkBehaviourProcessor
[VirtualHookBase] NetworkBehaviourProcessor
[VirtualHookBase] NetworkBehaviourProcessor
[VirtualOverrideHook] NetworkBehaviourProcessor
[AbstractHookBase] NetworkBehaviourProcessor
[AbstractHookBase] NetworkBehaviourProcessor
[AbstractHook] NetworkBehaviourProcessor
[MockPlayer] NetworkBehaviourProcessor
[SyncVarGameObject] NetworkBehaviourProcessor
[SyncVarNetworkIdentity] NetworkBehaviourProcessor
[SyncVarTransform] NetworkBehaviourProcessor
[SyncVarNetworkBehaviour] NetworkBehaviourProcessor
[AbstractBehaviour] NetworkBehaviourProcessor
[BehaviourWithSyncVar] NetworkBehaviourProcessor
[AbstractBehaviour] NetworkBehaviourProcessor
[OverrideBehaviourFromSyncVar] NetworkBehaviourProcessor
[AbstractBehaviour] NetworkBehaviourProcessor
[OverrideBehaviourWithSyncVarFromSyncVar] NetworkBehaviourProcessor
[AbstractBehaviour] NetworkBehaviourProcessor
[MiddleClass] NetworkBehaviourProcessor
[AbstractBehaviour] NetworkBehaviourProcessor
[MiddleClass] NetworkBehaviourProcessor
[SubClass] NetworkBehaviourProcessor
[AbstractBehaviour] NetworkBehaviourProcessor
[MiddleClassWithSyncVar] NetworkBehaviourProcessor
[AbstractBehaviour] NetworkBehaviourProcessor
[MiddleClassWithSyncVar] NetworkBehaviourProcessor
[SubClassFromSyncVar] NetworkBehaviourProcessor
[BehaviourWithSyncVarWithOnSerialize] NetworkBehaviourProcessor
[AbstractBehaviour] NetworkBehaviourProcessor
[OverrideBehaviourFromSyncVarWithOnSerialize] NetworkBehaviourProcessor
[AbstractBehaviour] NetworkBehaviourProcessor
[OverrideBehaviourWithSyncVarFromSyncVarWithOnSerialize] NetworkBehaviourProcessor
[AttributeBehaviour_NetworkBehaviour] NetworkBehaviourProcessor
[DataSenderBehaviour] NetworkBehaviourProcessor
[PayloadTestBehaviour] NetworkBehaviourProcessor
[BehaviourWithEvents] NetworkBehaviourProcessor
[VirtualClientRpc] NetworkBehaviourProcessor
[VirtualClientRpc] NetworkBehaviourProcessor
[VirtualNoOverrideClientRpc] NetworkBehaviourProcessor
[VirtualClientRpc] NetworkBehaviourProcessor
[VirtualOverrideClientRpc] NetworkBehaviourProcessor
[VirtualClientRpc] NetworkBehaviourProcessor
[VirtualOverrideClientRpcWithBase] NetworkBehaviourProcessor
[ClientRpcBehaviour] NetworkBehaviourProcessor
[ExcludeOwnerBehaviour] NetworkBehaviourProcessor
[VirtualCommand] NetworkBehaviourProcessor
[VirtualCommand] NetworkBehaviourProcessor
[VirtualNoOverrideCommand] NetworkBehaviourProcessor
[VirtualCommand] NetworkBehaviourProcessor
[VirtualOverrideCommand] NetworkBehaviourProcessor
[VirtualCommand] NetworkBehaviourProcessor
[VirtualOverrideCommandWithBase] NetworkBehaviourProcessor
[VirtualCommand] NetworkBehaviourProcessor
[VirtualOverrideCommandWithBase] NetworkBehaviourProcessor
[VirtualOverrideCommandWithBase2] NetworkBehaviourProcessor
[AuthorityBehaviour] NetworkBehaviourProcessor
[IgnoreAuthorityBehaviour] NetworkBehaviourProcessor
[SenderConnectionBehaviour] NetworkBehaviourProcessor
[SenderConnectionIgnoreAuthorityBehaviour] NetworkBehaviourProcessor
[ThrowBehaviour] NetworkBehaviourProcessor
[RpcNetworkIdentityBehaviour] NetworkBehaviourProcessor
[VirtualTargetRpc] NetworkBehaviourProcessor
[VirtualTargetRpc] NetworkBehaviourProcessor
[VirtualNoOverrideTargetRpc] NetworkBehaviourProcessor
[VirtualTargetRpc] NetworkBehaviourProcessor
[VirtualOverrideTargetRpc] NetworkBehaviourProcessor
[VirtualTargetRpc] NetworkBehaviourProcessor
[VirtualOverrideTargetRpcWithBase] NetworkBehaviourProcessor
[TargetRpcBehaviour] NetworkBehaviourProcessor
Weave behaviours and messages took354 milliseconds
  ProcessSitesModule Mirror.Tests.dll elapsed time:00:00:00.0209858
Find all reader and writers took 162 milliseconds
Script Module: Unity.ShaderGraph.Utilities.dll
Weave behaviours and messages took0 milliseconds
Find all reader and writers took 147 milliseconds
Script Module: WeaverTestExtraAssembly.dll
Weave behaviours and messages took31 milliseconds
  ProcessSitesModule WeaverTestExtraAssembly.dll elapsed time:00:00:00.0019886
Find all reader and writers took 159 milliseconds
Script Module: Mirror.CompilerSymbols.dll
Weave behaviours and messages took4 milliseconds
Mono: successfully reloaded assembly
- Completed reload, in 17.613 seconds
Platform modules already initialized, skipping
========================================================================
Worker process is ready to serve import requests
Shader 'Universal Render Pipeline/Particles/Lit': fallback shader 'Universal Render Pipeline/Particles/SimpleLit' not found
Launched and connected shader compiler UnityShaderCompiler.exe after 0.06 seconds
Refreshing native plugins compatible for Editor in 0.51 ms, found 0 plugins.
Preloading 0 native plugins for Editor in 0.00 ms.
Unloading 2807 Unused Serialized files (Serialized files now loaded: 0)
System memory in use before: 131.1 MB.
System memory in use after: 131.3 MB.

Unloading 19 unused Assets to reduce memory usage. Loaded Objects now: 3245.
Total: 3.032400 ms (FindLiveObjects: 0.272900 ms CreateObjectMapping: 0.132200 ms MarkObjects: 2.523500 ms  DeleteObjects: 0.103000 ms)

========================================================================
Received Import Request.
  path: Assets/DELTA SKY IX/[Networking]/Scripts/Player/Prefabs/Player/Black Player Model.prefab
  artifactKey: Guid(e8138a836a967ad49a8d4395dd6956ee) Importer(815301076,1909f56bfc062723c751e8b465ee728b)
Start importing Assets/DELTA SKY IX/[Networking]/Scripts/Player/Prefabs/Player/Black Player Model.prefab using Guid(e8138a836a967ad49a8d4395dd6956ee) Importer(815301076,1909f56bfc062723c751e8b465ee728b)  -> (artifact id: '0a505f88421ebc0790a624becf277f2e') in 0.361490 seconds
  Import took 0.367667 seconds .

========================================================================
Received Import Request.
  Time since last request: 3.018334 seconds.
  path: Assets/DELTA SKY IX/[Networking]/Scripts/Player/Prefabs/Player/Blue Player Model.prefab
  artifactKey: Guid(e1e1297e6e874bd46ab3cf0178195c17) Importer(815301076,1909f56bfc062723c751e8b465ee728b)
Start importing Assets/DELTA SKY IX/[Networking]/Scripts/Player/Prefabs/Player/Blue Player Model.prefab using Guid(e1e1297e6e874bd46ab3cf0178195c17) Importer(815301076,1909f56bfc062723c751e8b465ee728b)  -> (artifact id: 'd1b7d084b9a6e68a079871933760277b') in 0.050265 seconds
  Import took 0.056264 seconds .

========================================================================
Received Import Request.
  Time since last request: 0.355868 seconds.
  path: Assets/DELTA SKY IX/[Networking]/Scripts/Player/Prefabs/Player/Blue Player Model.prefab
  artifactKey: Guid(e1e1297e6e874bd46ab3cf0178195c17) Importer(815301076,1909f56bfc062723c751e8b465ee728b)
Start importing Assets/DELTA SKY IX/[Networking]/Scripts/Player/Prefabs/Player/Blue Player Model.prefab using Guid(e1e1297e6e874bd46ab3cf0178195c17) Importer(815301076,1909f56bfc062723c751e8b465ee728b)  -> (artifact id: 'afdfc65aa88057ad40bd7e5eec0676ff') in 0.032073 seconds
  Import took 0.038170 seconds .

========================================================================
Received Import Request.
  Time since last request: 0.579462 seconds.
  path: Assets/DELTA SKY IX/[Networking]/Scripts/Player/Prefabs/Player/Blue Player Model.prefab
  artifactKey: Guid(e1e1297e6e874bd46ab3cf0178195c17) Importer(815301076,1909f56bfc062723c751e8b465ee728b)
Start importing Assets/DELTA SKY IX/[Networking]/Scripts/Player/Prefabs/Player/Blue Player Model.prefab using Guid(e1e1297e6e874bd46ab3cf0178195c17) Importer(815301076,1909f56bfc062723c751e8b465ee728b)  -> (artifact id: '7ce8861e7b217fd417f6dc212dca9a5d') in 0.034757 seconds
  Import took 0.040574 seconds .

========================================================================
Received Import Request.
  Time since last request: 0.001237 seconds.
  path: Assets/DELTA SKY IX/[Networking]/Scripts/Player/Prefabs/Player/Blue Player Model.prefab
  artifactKey: Guid(e1e1297e6e874bd46ab3cf0178195c17) Importer(815301076,1909f56bfc062723c751e8b465ee728b)
Start importing Assets/DELTA SKY IX/[Networking]/Scripts/Player/Prefabs/Player/Blue Player Model.prefab using Guid(e1e1297e6e874bd46ab3cf0178195c17) Importer(815301076,1909f56bfc062723c751e8b465ee728b)  -> (artifact id: '7ce8861e7b217fd417f6dc212dca9a5d') in 0.034952 seconds
  Import took 0.040368 seconds .

========================================================================
Received Import Request.
  Time since last request: 0.321917 seconds.
  path: Assets/DELTA SKY IX/[Networking]/Scripts/Player/Prefabs/Player/Blue Player Model.prefab
  artifactKey: Guid(e1e1297e6e874bd46ab3cf0178195c17) Importer(815301076,1909f56bfc062723c751e8b465ee728b)
Start importing Assets/DELTA SKY IX/[Networking]/Scripts/Player/Prefabs/Player/Blue Player Model.prefab using Guid(e1e1297e6e874bd46ab3cf0178195c17) Importer(815301076,1909f56bfc062723c751e8b465ee728b)  -> (artifact id: '5e6c6b399f468906149f1c09b3e98184') in 0.029456 seconds
  Import took 0.035835 seconds .

========================================================================
Received Import Request.
  Time since last request: 0.572411 seconds.
  path: Assets/DELTA SKY IX/[Networking]/Scripts/Player/Prefabs/Player/Blue Player Model.prefab
  artifactKey: Guid(e1e1297e6e874bd46ab3cf0178195c17) Importer(815301076,1909f56bfc062723c751e8b465ee728b)
Start importing Assets/DELTA SKY IX/[Networking]/Scripts/Player/Prefabs/Player/Blue Player Model.prefab using Guid(e1e1297e6e874bd46ab3cf0178195c17) Importer(815301076,1909f56bfc062723c751e8b465ee728b)  -> (artifact id: 'fe20612f430b43f8ca54100cc5562563') in 0.034151 seconds
  Import took 0.040461 seconds .

========================================================================
Received Import Request.
  Time since last request: 0.362591 seconds.
  path: Assets/DELTA SKY IX/[Networking]/Scripts/Player/Prefabs/Player/Blue Player Model.prefab
  artifactKey: Guid(e1e1297e6e874bd46ab3cf0178195c17) Importer(815301076,1909f56bfc062723c751e8b465ee728b)
Start importing Assets/DELTA SKY IX/[Networking]/Scripts/Player/Prefabs/Player/Blue Player Model.prefab using Guid(e1e1297e6e874bd46ab3cf0178195c17) Importer(815301076,1909f56bfc062723c751e8b465ee728b)  -> (artifact id: '361342d8e8e2640d2e388885be25850b') in 0.035071 seconds
  Import took 0.041600 seconds .

========================================================================
Received Import Request.
  Time since last request: 0.810670 seconds.
  path: Assets/DELTA SKY IX/[Networking]/Scripts/Player/Prefabs/Player/Green Player Model.prefab
  artifactKey: Guid(66605dfe37ab60c40ac81e328ae7e620) Importer(815301076,1909f56bfc062723c751e8b465ee728b)
Start importing Assets/DELTA SKY IX/[Networking]/Scripts/Player/Prefabs/Player/Green Player Model.prefab using Guid(66605dfe37ab60c40ac81e328ae7e620) Importer(815301076,1909f56bfc062723c751e8b465ee728b)  -> (artifact id: 'acdd588b539e2bfd874609d459be0afb') in 0.057698 seconds
  Import took 0.065013 seconds .

========================================================================
Received Import Request.
  Time since last request: 2.107387 seconds.
  path: Assets/DELTA SKY IX/[Networking]/Scripts/Player/Prefabs/Player/Green Player Model.prefab
  artifactKey: Guid(66605dfe37ab60c40ac81e328ae7e620) Importer(815301076,1909f56bfc062723c751e8b465ee728b)
Start importing Assets/DELTA SKY IX/[Networking]/Scripts/Player/Prefabs/Player/Green Player Model.prefab using Guid(66605dfe37ab60c40ac81e328ae7e620) Importer(815301076,1909f56bfc062723c751e8b465ee728b)  -> (artifact id: 'bef7520b99eaf8bbb61ba5e46015e6be') in 0.034000 seconds
  Import took 0.041011 seconds .

========================================================================
Received Import Request.
  Time since last request: 0.364050 seconds.
  path: Assets/DELTA SKY IX/[Networking]/Scripts/Player/Prefabs/Player/Green Player Model.prefab
  artifactKey: Guid(66605dfe37ab60c40ac81e328ae7e620) Importer(815301076,1909f56bfc062723c751e8b465ee728b)
Start importing Assets/DELTA SKY IX/[Networking]/Scripts/Player/Prefabs/Player/Green Player Model.prefab using Guid(66605dfe37ab60c40ac81e328ae7e620) Importer(815301076,1909f56bfc062723c751e8b465ee728b)  -> (artifact id: 'a587c96238853eb306ba1caadece17c0') in 0.032289 seconds
  Import took 0.037916 seconds .

========================================================================
Received Import Request.
  Time since last request: 0.368901 seconds.
  path: Assets/DELTA SKY IX/[Networking]/Scripts/Player/Prefabs/Player/Green Player Model.prefab
  artifactKey: Guid(66605dfe37ab60c40ac81e328ae7e620) Importer(815301076,1909f56bfc062723c751e8b465ee728b)
Start importing Assets/DELTA SKY IX/[Networking]/Scripts/Player/Prefabs/Player/Green Player Model.prefab using Guid(66605dfe37ab60c40ac81e328ae7e620) Importer(815301076,1909f56bfc062723c751e8b465ee728b)  -> (artifact id: '24a5a5b4530ad79085da0263321ce7ed') in 0.034620 seconds
  Import took 0.040100 seconds .

========================================================================
Received Import Request.
  Time since last request: 0.361330 seconds.
  path: Assets/DELTA SKY IX/[Networking]/Scripts/Player/Prefabs/Player/Green Player Model.prefab
  artifactKey: Guid(66605dfe37ab60c40ac81e328ae7e620) Importer(815301076,1909f56bfc062723c751e8b465ee728b)
Start importing Assets/DELTA SKY IX/[Networking]/Scripts/Player/Prefabs/Player/Green Player Model.prefab using Guid(66605dfe37ab60c40ac81e328ae7e620) Importer(815301076,1909f56bfc062723c751e8b465ee728b)  -> (artifact id: 'af1aef8545a26ce6d44ae09988516d68') in 0.032582 seconds
  Import took 0.037875 seconds .

========================================================================
Received Import Request.
  Time since last request: 0.373713 seconds.
  path: Assets/DELTA SKY IX/[Networking]/Scripts/Player/Prefabs/Player/Green Player Model.prefab
  artifactKey: Guid(66605dfe37ab60c40ac81e328ae7e620) Importer(815301076,1909f56bfc062723c751e8b465ee728b)
Start importing Assets/DELTA SKY IX/[Networking]/Scripts/Player/Prefabs/Player/Green Player Model.prefab using Guid(66605dfe37ab60c40ac81e328ae7e620) Importer(815301076,1909f56bfc062723c751e8b465ee728b)  -> (artifact id: 'a4e5b1af495bfc26cbc6b559936861df') in 0.032333 seconds
  Import took 0.037589 seconds .

========================================================================
Received Import Request.
  Time since last request: 0.388245 seconds.
  path: Assets/DELTA SKY IX/[Networking]/Scripts/Player/Prefabs/Player/Green Player Model.prefab
  artifactKey: Guid(66605dfe37ab60c40ac81e328ae7e620) Importer(815301076,1909f56bfc062723c751e8b465ee728b)
Start importing Assets/DELTA SKY IX/[Networking]/Scripts/Player/Prefabs/Player/Green Player Model.prefab using Guid(66605dfe37ab60c40ac81e328ae7e620) Importer(815301076,1909f56bfc062723c751e8b465ee728b)  -> (artifact id: '5718424714d27a300dda8851ae59f79c') in 0.034519 seconds
  Import took 0.041245 seconds .

========================================================================
Received Import Request.
  Time since last request: 1.601237 seconds.
  path: Assets/DELTA SKY IX/[Networking]/Scripts/Player/Prefabs/Player/Red Player Model.prefab
  artifactKey: Guid(f994146105bab9949a06dd8729faacb1) Importer(815301076,1909f56bfc062723c751e8b465ee728b)
Start importing Assets/DELTA SKY IX/[Networking]/Scripts/Player/Prefabs/Player/Red Player Model.prefab using Guid(f994146105bab9949a06dd8729faacb1) Importer(815301076,1909f56bfc062723c751e8b465ee728b)  -> (artifact id: '37f204e212f29f27c5415a0201ad2c7e') in 0.055082 seconds
  Import took 0.060719 seconds .

========================================================================
Received Import Request.
  Time since last request: 1.291292 seconds.
  path: Assets/DELTA SKY IX/[Networking]/Scripts/Player/Prefabs/Player/Red Player Model.prefab
  artifactKey: Guid(f994146105bab9949a06dd8729faacb1) Importer(815301076,1909f56bfc062723c751e8b465ee728b)
Start importing Assets/DELTA SKY IX/[Networking]/Scripts/Player/Prefabs/Player/Red Player Model.prefab using Guid(f994146105bab9949a06dd8729faacb1) Importer(815301076,1909f56bfc062723c751e8b465ee728b)  -> (artifact id: '747e87979c7d38eb94c7c41811e622f2') in 0.034962 seconds
  Import took 0.040760 seconds .

========================================================================
Received Import Request.
  Time since last request: 0.358347 seconds.
  path: Assets/DELTA SKY IX/[Networking]/Scripts/Player/Prefabs/Player/Red Player Model.prefab
  artifactKey: Guid(f994146105bab9949a06dd8729faacb1) Importer(815301076,1909f56bfc062723c751e8b465ee728b)
Start importing Assets/DELTA SKY IX/[Networking]/Scripts/Player/Prefabs/Player/Red Player Model.prefab using Guid(f994146105bab9949a06dd8729faacb1) Importer(815301076,1909f56bfc062723c751e8b465ee728b)  -> (artifact id: '7e01238ae4c41213398f4ea6d715bbf9') in 0.032642 seconds
  Import took 0.039226 seconds .

========================================================================
Received Import Request.
  Time since last request: 0.367651 seconds.
  path: Assets/DELTA SKY IX/[Networking]/Scripts/Player/Prefabs/Player/Red Player Model.prefab
  artifactKey: Guid(f994146105bab9949a06dd8729faacb1) Importer(815301076,1909f56bfc062723c751e8b465ee728b)
Start importing Assets/DELTA SKY IX/[Networking]/Scripts/Player/Prefabs/Player/Red Player Model.prefab using Guid(f994146105bab9949a06dd8729faacb1) Importer(815301076,1909f56bfc062723c751e8b465ee728b)  -> (artifact id: '8efd296c2c296c31c27f130eba29613f') in 0.031694 seconds
  Import took 0.038688 seconds .

========================================================================
Received Import Request.
  Time since last request: 0.368115 seconds.
  path: Assets/DELTA SKY IX/[Networking]/Scripts/Player/Prefabs/Player/Red Player Model.prefab
  artifactKey: Guid(f994146105bab9949a06dd8729faacb1) Importer(815301076,1909f56bfc062723c751e8b465ee728b)
Start importing Assets/DELTA SKY IX/[Networking]/Scripts/Player/Prefabs/Player/Red Player Model.prefab using Guid(f994146105bab9949a06dd8729faacb1) Importer(815301076,1909f56bfc062723c751e8b465ee728b)  -> (artifact id: '77411d0e1cf0a8c1bb12d975c12ac587') in 0.033418 seconds
  Import took 0.039718 seconds .

========================================================================
Received Import Request.
  Time since last request: 0.363640 seconds.
  path: Assets/DELTA SKY IX/[Networking]/Scripts/Player/Prefabs/Player/Red Player Model.prefab
  artifactKey: Guid(f994146105bab9949a06dd8729faacb1) Importer(815301076,1909f56bfc062723c751e8b465ee728b)
Start importing Assets/DELTA SKY IX/[Networking]/Scripts/Player/Prefabs/Player/Red Player Model.prefab using Guid(f994146105bab9949a06dd8729faacb1) Importer(815301076,1909f56bfc062723c751e8b465ee728b)  -> (artifact id: 'e01784ee22c8de905806def906eec422') in 0.031315 seconds
  Import took 0.038307 seconds .

========================================================================
Received Import Request.
  Time since last request: 0.359801 seconds.
  path: Assets/DELTA SKY IX/[Networking]/Scripts/Player/Prefabs/Player/Red Player Model.prefab
  artifactKey: Guid(f994146105bab9949a06dd8729faacb1) Importer(815301076,1909f56bfc062723c751e8b465ee728b)
Start importing Assets/DELTA SKY IX/[Networking]/Scripts/Player/Prefabs/Player/Red Player Model.prefab using Guid(f994146105bab9949a06dd8729faacb1) Importer(815301076,1909f56bfc062723c751e8b465ee728b)  -> (artifact id: 'a0e51e307ba80390b07ec20d9db69948') in 0.034375 seconds
  Import took 0.039763 seconds .

========================================================================
Received Import Request.
  Time since last request: 51.043398 seconds.
  path: Assets/DELTA SKY IX/[Networking]/SCENES/Online.unity
  artifactKey: Guid(8c6cde05609770148a9acac2f7be27da) Importer(815301076,1909f56bfc062723c751e8b465ee728b)
Start importing Assets/DELTA SKY IX/[Networking]/SCENES/Online.unity using Guid(8c6cde05609770148a9acac2f7be27da) Importer(815301076,1909f56bfc062723c751e8b465ee728b)  -> (artifact id: '1c203693a117ed3eeecd97107d6c71bc') in 0.009687 seconds
  Import took 0.014279 seconds .

========================================================================
Received Import Request.
  Time since last request: 0.008830 seconds.
  path: Assets/DELTA SKY IX/[Networking]/SCENES/Online.unity
  artifactKey: Guid(8c6cde05609770148a9acac2f7be27da) Importer(815301076,1909f56bfc062723c751e8b465ee728b)
Start importing Assets/DELTA SKY IX/[Networking]/SCENES/Online.unity using Guid(8c6cde05609770148a9acac2f7be27da) Importer(815301076,1909f56bfc062723c751e8b465ee728b)  -> (artifact id: '1c203693a117ed3eeecd97107d6c71bc') in 0.003625 seconds
  Import took 0.008971 seconds .

========================================================================
Received Prepare
Registering precompiled user dll's ...
Registered in 0.005589 seconds.
Begin MonoManager ReloadAssembly
Native extension for WindowsStandalone target not found
Refreshing native plugins compatible for Editor in 0.47 ms, found 0 plugins.
Preloading 0 native plugins for Editor in 0.00 ms.
Invoked RoslynAnalysisRunner static constructor.
RoslynAnalysisRunner will not be running.
RoslynAnalysisRunner has terminated.
Mono: successfully reloaded assembly
- Completed reload, in  1.072 seconds
Platform modules already initialized, skipping
Shader 'Universal Render Pipeline/Particles/Lit': fallback shader 'Universal Render Pipeline/Particles/SimpleLit' not found
Refreshing native plugins compatible for Editor in 0.52 ms, found 0 plugins.
Preloading 0 native plugins for Editor in 0.00 ms.
Unloading 2684 Unused Serialized files (Serialized files now loaded: 0)
System memory in use before: 141.6 MB.
System memory in use after: 141.8 MB.

Unloading 15 unused Assets to reduce memory usage. Loaded Objects now: 3293.
Total: 2.745200 ms (FindLiveObjects: 0.338900 ms CreateObjectMapping: 0.115800 ms MarkObjects: 2.202800 ms  DeleteObjects: 0.086600 ms)

========================================================================
Received Prepare
Registering precompiled user dll's ...
Registered in 0.006143 seconds.
Begin MonoManager ReloadAssembly
Native extension for WindowsStandalone target not found
Refreshing native plugins compatible for Editor in 0.48 ms, found 0 plugins.
Preloading 0 native plugins for Editor in 0.00 ms.
Invoked RoslynAnalysisRunner static constructor.
RoslynAnalysisRunner will not be running.
RoslynAnalysisRunner has terminated.
Mono: successfully reloaded assembly
- Completed reload, in  1.036 seconds
Platform modules already initialized, skipping
Shader 'Universal Render Pipeline/Particles/Lit': fallback shader 'Universal Render Pipeline/Particles/SimpleLit' not found
Refreshing native plugins compatible for Editor in 0.48 ms, found 0 plugins.
Preloading 0 native plugins for Editor in 0.00 ms.
Unloading 2684 Unused Serialized files (Serialized files now loaded: 0)
System memory in use before: 141.6 MB.
System memory in use after: 141.8 MB.

Unloading 14 unused Assets to reduce memory usage. Loaded Objects now: 3295.
Total: 2.547100 ms (FindLiveObjects: 0.485300 ms CreateObjectMapping: 0.161000 ms MarkObjects: 1.821700 ms  DeleteObjects: 0.078200 ms)

========================================================================
Received Import Request.
  Time since last request: 256.952702 seconds.
  path: Assets/DELTA SKY IX/[Networking]/SCENES/Offline.unity
  artifactKey: Guid(56741cc9b1d6a904d8822b8c7f795a31) Importer(815301076,1909f56bfc062723c751e8b465ee728b)
Start importing Assets/DELTA SKY IX/[Networking]/SCENES/Offline.unity using Guid(56741cc9b1d6a904d8822b8c7f795a31) Importer(815301076,1909f56bfc062723c751e8b465ee728b)  -> (artifact id: '17b7f363e5e363b62a5ea6a10c8a95e5') in 0.019241 seconds
  Import took 0.025537 seconds .

