Using pre-set license
Built from '2020.2/release' branch; Version is '2020.2.2f1 (068178b99f32) revision 426360'; Using compiler version '192528614'; Build Type 'Release'
OS: 'Windows 10 Pro; OS build 19042.985; Version 2009; 64bit' Language: 'en' Physical Memory: 32645 MB
BatchMode: 1, IsHumanControllingUs: 0, StartBugReporterOnCrash: 0, Is64bit: 1, IsPro: 0

 COMMAND LINE ARGUMENTS:
C:\Program Files\Unity\Hub\Editor\2020.2.2f1\Editor\Unity.exe
-adb2
-batchMode
-noUpm
-name
AssetImportWorker4
-projectPath
C:/Users/lalal/OneDrive - TAFE NSW/Team Games/Delta Sky IX Git/Delta Sky IX
-logFile
Logs/AssetImportWorker4.log
-srvPort
53309
Successfully changed project path to: C:/Users/lalal/OneDrive - TAFE NSW/Team Games/Delta Sky IX Git/Delta Sky IX
C:/Users/lalal/OneDrive - TAFE NSW/Team Games/Delta Sky IX Git/Delta Sky IX
Using Asset Import Pipeline V2.
Refreshing native plugins compatible for Editor in 76.14 ms, found 0 plugins.
Preloading 0 native plugins for Editor in 0.00 ms.
Initialize engine version: 2020.2.2f1 (068178b99f32)
[Subsystems] Discovering subsystems at path C:/Program Files/Unity/Hub/Editor/2020.2.2f1/Editor/Data/Resources/UnitySubsystems
[Subsystems] Discovering subsystems at path C:/Users/lalal/OneDrive - TAFE NSW/Team Games/Delta Sky IX Git/Delta Sky IX/Assets
GfxDevice: creating device client; threaded=0
Direct3D:
    Version:  Direct3D 11.0 [level 11.1]
    Renderer: NVIDIA GeForce RTX 2070 with Max-Q Design (ID=0x1f50)
    Vendor:   
    VRAM:     8031 MB
    Driver:   27.21.14.6192
Shader 'Universal Render Pipeline/Particles/Lit': fallback shader 'Universal Render Pipeline/Particles/SimpleLit' not found
Initialize mono
Mono path[0] = 'C:/Program Files/Unity/Hub/Editor/2020.2.2f1/Editor/Data/Managed'
Mono path[1] = 'C:/Program Files/Unity/Hub/Editor/2020.2.2f1/Editor/Data/MonoBleedingEdge/lib/mono/unityjit'
Mono config path = 'C:/Program Files/Unity/Hub/Editor/2020.2.2f1/Editor/Data/MonoBleedingEdge/etc'
Using monoOptions --debugger-agent=transport=dt_socket,embedding=1,server=y,suspend=n,address=127.0.0.1:56272
Begin MonoManager ReloadAssembly
Registering precompiled unity dll's ...
Register platform support module: C:/Program Files/Unity/Hub/Editor/2020.2.2f1/Editor/Data/PlaybackEngines/WindowsStandaloneSupport/UnityEditor.WindowsStandalone.Extensions.dll
Registered in 0.003457 seconds.
Native extension for WindowsStandalone target not found
Refreshing native plugins compatible for Editor in 104.32 ms, found 0 plugins.
Preloading 0 native plugins for Editor in 0.00 ms.
Invoked RoslynAnalysisRunner static constructor.
RoslynAnalysisRunner will not be running.
RoslynAnalysisRunner has terminated.
Mono: successfully reloaded assembly
- Completed reload, in  3.751 seconds
Platform modules already initialized, skipping
Registering precompiled user dll's ...
Registered in 0.009667 seconds.
Begin MonoManager ReloadAssembly
Native extension for WindowsStandalone target not found
Refreshing native plugins compatible for Editor in 85.96 ms, found 0 plugins.
Preloading 0 native plugins for Editor in 0.00 ms.
Invoked RoslynAnalysisRunner static constructor.
RoslynAnalysisRunner will not be running.
RoslynAnalysisRunner has terminated.
Find all reader and writers took 257 milliseconds
Script Module: UnityEngine.UI.dll
Weave behaviours and messages took197 milliseconds
Find all reader and writers took 230 milliseconds
Script Module: Unity.RenderPipelines.Core.Runtime.dll
Weave behaviours and messages took162 milliseconds
Find all reader and writers took 230 milliseconds
Script Module: UnityEngine.TestRunner.dll
Weave behaviours and messages took70 milliseconds
Find all reader and writers took 230 milliseconds
Script Module: Unity.Mathematics.dll
Weave behaviours and messages took671 milliseconds
Find all reader and writers took 220 milliseconds
Script Module: SimpleWebTransport.dll
Weave behaviours and messages took19 milliseconds
Find all reader and writers took 197 milliseconds
Script Module: Unity.Timeline.dll
Weave behaviours and messages took79 milliseconds
Find all reader and writers took 231 milliseconds
Script Module: Mirror.Examples.dll
[Projectile] NetworkBehaviourProcessor
[Tank] NetworkBehaviourProcessor
[NetworkRoomPlayer] NetworkBehaviourProcessor
[NetworkRoomPlayerExt] NetworkBehaviourProcessor
[PlayerController] NetworkBehaviourProcessor
[PlayerScore] NetworkBehaviourProcessor
[RandomColor] NetworkBehaviourProcessor
[Reward] NetworkBehaviourProcessor
[AddForce] NetworkBehaviourProcessor
[Ball] NetworkBehaviourProcessor
[Player] NetworkBehaviourProcessor
[MatchController] NetworkBehaviourProcessor
[PhysicsCollision] NetworkBehaviourProcessor
[PlayerController] NetworkBehaviourProcessor
[PlayerScore] NetworkBehaviourProcessor
[RandomColor] NetworkBehaviourProcessor
[Reward] NetworkBehaviourProcessor
[Player] NetworkBehaviourProcessor
[MonsterMovement] NetworkBehaviourProcessor
[PlayerMovement] NetworkBehaviourProcessor
[Player] NetworkBehaviourProcessor
[PlayerController] NetworkBehaviourProcessor
[RandomColor] NetworkBehaviourProcessor
[ShootingTankBehaviour] NetworkBehaviourProcessor
Weave behaviours and messages took114 milliseconds
  ProcessSitesModule Mirror.Examples.dll elapsed time:00:00:00.0204847
Find all reader and writers took 250 milliseconds
Script Module: Unity.RenderPipelines.Universal.Runtime.dll
Weave behaviours and messages took172 milliseconds
Find all reader and writers took 265 milliseconds
Script Module: Mirror.Components.dll
[NetworkAnimator] NetworkBehaviourProcessor
[NetworkRoomPlayer] NetworkBehaviourProcessor
[NetworkLobbyPlayer] NetworkBehaviourProcessor
[NetworkVisibility] NetworkBehaviourProcessor
[NetworkVisibility] Found NetworkBehaviour Mirror.NetworkVisibility
[NetworkVisibility] Process Start
[NetworkVisibility]   GenerateSerialization
[NetworkVisibility]   GenerateDeSerialization
[NetworkVisibility] Process Done
[NetworkMatchChecker] NetworkBehaviourProcessor
[NetworkVisibility] NetworkBehaviourProcessor
[NetworkOwnerChecker] NetworkBehaviourProcessor
[NetworkVisibility] NetworkBehaviourProcessor
[NetworkProximityChecker] NetworkBehaviourProcessor
[NetworkRoomPlayer] NetworkBehaviourProcessor
[NetworkVisibility] NetworkBehaviourProcessor
[NetworkSceneChecker] NetworkBehaviourProcessor
[NetworkTransformBase] NetworkBehaviourProcessor
[NetworkTransform] NetworkBehaviourProcessor
[NetworkTransformBase] NetworkBehaviourProcessor
[NetworkTransformBase] NetworkBehaviourProcessor
[NetworkTransformChild] NetworkBehaviourProcessor
[NetworkLerpRigidbody] NetworkBehaviourProcessor
[NetworkRigidbody] NetworkBehaviourProcessor
[NetworkRigidbody2D] NetworkBehaviourProcessor
[NetworkTransformBase] NetworkBehaviourProcessor
[NetworkTransform] NetworkBehaviourProcessor
[NetworkTransformBase] NetworkBehaviourProcessor
[NetworkTransformBase] NetworkBehaviourProcessor
[NetworkTransformChild] NetworkBehaviourProcessor
Weave behaviours and messages took81 milliseconds
  ProcessSitesModule Mirror.Components.dll elapsed time:00:00:00.0040403
Find all reader and writers took 251 milliseconds
Script Module: Mirror.Tests.Common.dll
Weave behaviours and messages took12 milliseconds
Find all reader and writers took 251 milliseconds
Script Module: Unity.TextMeshPro.dll
Weave behaviours and messages took223 milliseconds
Find all reader and writers took 192 milliseconds
Script Module: Mirror.Tests.Runtime.dll
Weave behaviours and messages took16 milliseconds
Find all reader and writers took 216 milliseconds
Script Module: Assembly-CSharp.dll
[NetworkAlienSpawner] NetworkBehaviourProcessor
Weave behaviours and messages took17 milliseconds
Find all reader and writers took 197 milliseconds
Script Module: Telepathy.dll
Weave behaviours and messages took9 milliseconds
Find all reader and writers took 201 milliseconds
Script Module: Mirror.Authenticators.dll
Weave behaviours and messages took32 milliseconds
  ProcessSitesModule Mirror.Authenticators.dll elapsed time:00:00:00
Find all reader and writers took 218 milliseconds
Script Module: kcp2k.dll
Weave behaviours and messages took12 milliseconds
Find all reader and writers took 236 milliseconds
Script Module: Mirror.Examples.Cloud.GUI.dll
Weave behaviours and messages took8 milliseconds
Find all reader and writers took 240 milliseconds
Script Module: Mirror.Cloud.dll
Weave behaviours and messages took8 milliseconds
Find all reader and writers took 209 milliseconds
Script Module: Mirror.Examples.Cloud.Pong.dll
[Ball] NetworkBehaviourProcessor
[BallManager] NetworkBehaviourProcessor
[Player] NetworkBehaviourProcessor
Weave behaviours and messages took21 milliseconds
  ProcessSitesModule Mirror.Examples.Cloud.Pong.dll elapsed time:00:00:00.0009977
Find all reader and writers took 190 milliseconds
Script Module: Unity.RenderPipelines.Core.ShaderLibrary.dll
Weave behaviours and messages took0 milliseconds
Find all reader and writers took 190 milliseconds
Script Module: Unity.RenderPipelines.Universal.Shaders.dll
Weave behaviours and messages took0 milliseconds
Find all reader and writers took 188 milliseconds
Script Module: Mirror.Tests.Performance.Runtime.dll
Weave behaviours and messages took0 milliseconds
Find all reader and writers took 195 milliseconds
Script Module: Unity.RenderPipelines.ShaderGraph.ShaderGraphLibrary.dll
Weave behaviours and messages took0 milliseconds
Find all reader and writers took 222 milliseconds
Script Module: Unity.RenderPipeline.Universal.ShaderLibrary.dll
Weave behaviours and messages took0 milliseconds
Find all reader and writers took 243 milliseconds
Script Module: UnityEditor.TestRunner.dll
Weave behaviours and messages took127 milliseconds
Find all reader and writers took 289 milliseconds
Script Module: UnityEditor.UI.dll
Weave behaviours and messages took38 milliseconds
Find all reader and writers took 247 milliseconds
Script Module: Mirror.Tests.dll
[EmptyBehaviour] NetworkBehaviourProcessor
[SyncVarGameObjectEqualExposedBehaviour] NetworkBehaviourProcessor
[SyncVarNetworkIdentityEqualExposedBehaviour] NetworkBehaviourProcessor
[NetworkBehaviourSendCommandInternalComponent] NetworkBehaviourProcessor
[NetworkBehaviourSendRPCInternalComponent] NetworkBehaviourProcessor
[NetworkBehaviourSendTargetRPCInternalComponent] NetworkBehaviourProcessor
[NetworkBehaviourDelegateComponent] NetworkBehaviourProcessor
[NetworkBehaviourSetSyncVarGameObjectComponent] NetworkBehaviourProcessor
[NetworkBehaviourGetSyncVarGameObjectComponent] NetworkBehaviourProcessor
[NetworkBehaviourSetSyncVarNetworkIdentityComponent] NetworkBehaviourProcessor
[NetworkBehaviourGetSyncVarNetworkIdentityComponent] NetworkBehaviourProcessor
[NetworkBehaviourInitSyncObjectExposed] NetworkBehaviourProcessor
[OnStopClientComponent] NetworkBehaviourProcessor
[OnStartClientComponent] NetworkBehaviourProcessor
[OnStartLocalPlayerComponent] NetworkBehaviourProcessor
[NetworkBehaviourHookGuardTester] NetworkBehaviourProcessor
[NetworkBehaviourInitSyncObjectTester] NetworkBehaviourProcessor
[CommandTestNetworkBehaviour] NetworkBehaviourProcessor
[RpcTestNetworkBehaviour] NetworkBehaviourProcessor
[OnStartClientTestNetworkBehaviour] NetworkBehaviourProcessor
[OnStopClientTestNetworkBehaviour] NetworkBehaviourProcessor
[TestObjectBehaviour] NetworkBehaviourProcessor
[TestPlayerBehaviour] NetworkBehaviourProcessor
[HookBehaviour] NetworkBehaviourProcessor
[GameObjectHookBehaviour] NetworkBehaviourProcessor
[NetworkIdentityHookBehaviour] NetworkBehaviourProcessor
[NetworkBehaviourHookBehaviour] NetworkBehaviourProcessor
[StaticHookBehaviour] NetworkBehaviourProcessor
[VirtualHookBase] NetworkBehaviourProcessor
[VirtualHookBase] NetworkBehaviourProcessor
[VirtualOverrideHook] NetworkBehaviourProcessor
[AbstractHookBase] NetworkBehaviourProcessor
[AbstractHookBase] NetworkBehaviourProcessor
[AbstractHook] NetworkBehaviourProcessor
[MockPlayer] NetworkBehaviourProcessor
[SyncVarGameObject] NetworkBehaviourProcessor
[SyncVarNetworkIdentity] NetworkBehaviourProcessor
[SyncVarTransform] NetworkBehaviourProcessor
[SyncVarNetworkBehaviour] NetworkBehaviourProcessor
[AbstractBehaviour] NetworkBehaviourProcessor
[BehaviourWithSyncVar] NetworkBehaviourProcessor
[AbstractBehaviour] NetworkBehaviourProcessor
[OverrideBehaviourFromSyncVar] NetworkBehaviourProcessor
[AbstractBehaviour] NetworkBehaviourProcessor
[OverrideBehaviourWithSyncVarFromSyncVar] NetworkBehaviourProcessor
[AbstractBehaviour] NetworkBehaviourProcessor
[MiddleClass] NetworkBehaviourProcessor
[AbstractBehaviour] NetworkBehaviourProcessor
[MiddleClass] NetworkBehaviourProcessor
[SubClass] NetworkBehaviourProcessor
[AbstractBehaviour] NetworkBehaviourProcessor
[MiddleClassWithSyncVar] NetworkBehaviourProcessor
[AbstractBehaviour] NetworkBehaviourProcessor
[MiddleClassWithSyncVar] NetworkBehaviourProcessor
[SubClassFromSyncVar] NetworkBehaviourProcessor
[BehaviourWithSyncVarWithOnSerialize] NetworkBehaviourProcessor
[AbstractBehaviour] NetworkBehaviourProcessor
[OverrideBehaviourFromSyncVarWithOnSerialize] NetworkBehaviourProcessor
[AbstractBehaviour] NetworkBehaviourProcessor
[OverrideBehaviourWithSyncVarFromSyncVarWithOnSerialize] NetworkBehaviourProcessor
[AttributeBehaviour_NetworkBehaviour] NetworkBehaviourProcessor
[DataSenderBehaviour] NetworkBehaviourProcessor
[PayloadTestBehaviour] NetworkBehaviourProcessor
[BehaviourWithEvents] NetworkBehaviourProcessor
[VirtualClientRpc] NetworkBehaviourProcessor
[VirtualClientRpc] NetworkBehaviourProcessor
[VirtualNoOverrideClientRpc] NetworkBehaviourProcessor
[VirtualClientRpc] NetworkBehaviourProcessor
[VirtualOverrideClientRpc] NetworkBehaviourProcessor
[VirtualClientRpc] NetworkBehaviourProcessor
[VirtualOverrideClientRpcWithBase] NetworkBehaviourProcessor
[ClientRpcBehaviour] NetworkBehaviourProcessor
[ExcludeOwnerBehaviour] NetworkBehaviourProcessor
[VirtualCommand] NetworkBehaviourProcessor
[VirtualCommand] NetworkBehaviourProcessor
[VirtualNoOverrideCommand] NetworkBehaviourProcessor
[VirtualCommand] NetworkBehaviourProcessor
[VirtualOverrideCommand] NetworkBehaviourProcessor
[VirtualCommand] NetworkBehaviourProcessor
[VirtualOverrideCommandWithBase] NetworkBehaviourProcessor
[VirtualCommand] NetworkBehaviourProcessor
[VirtualOverrideCommandWithBase] NetworkBehaviourProcessor
[VirtualOverrideCommandWithBase2] NetworkBehaviourProcessor
[AuthorityBehaviour] NetworkBehaviourProcessor
[IgnoreAuthorityBehaviour] NetworkBehaviourProcessor
[SenderConnectionBehaviour] NetworkBehaviourProcessor
[SenderConnectionIgnoreAuthorityBehaviour] NetworkBehaviourProcessor
[ThrowBehaviour] NetworkBehaviourProcessor
[RpcNetworkIdentityBehaviour] NetworkBehaviourProcessor
[VirtualTargetRpc] NetworkBehaviourProcessor
[VirtualTargetRpc] NetworkBehaviourProcessor
[VirtualNoOverrideTargetRpc] NetworkBehaviourProcessor
[VirtualTargetRpc] NetworkBehaviourProcessor
[VirtualOverrideTargetRpc] NetworkBehaviourProcessor
[VirtualTargetRpc] NetworkBehaviourProcessor
[VirtualOverrideTargetRpcWithBase] NetworkBehaviourProcessor
[TargetRpcBehaviour] NetworkBehaviourProcessor
Weave behaviours and messages took351 milliseconds
  ProcessSitesModule Mirror.Tests.dll elapsed time:00:00:00.0209578
Find all reader and writers took 204 milliseconds
Script Module: Unity.ShaderGraph.Utilities.dll
Weave behaviours and messages took0 milliseconds
Find all reader and writers took 203 milliseconds
Script Module: WeaverTestExtraAssembly.dll
Weave behaviours and messages took17 milliseconds
  ProcessSitesModule WeaverTestExtraAssembly.dll elapsed time:00:00:00
Find all reader and writers took 204 milliseconds
Script Module: Mirror.CompilerSymbols.dll
Weave behaviours and messages took0 milliseconds
Mono: successfully reloaded assembly
- Completed reload, in 23.282 seconds
Platform modules already initialized, skipping
========================================================================
Worker process is ready to serve import requests
Shader 'Universal Render Pipeline/Particles/Lit': fallback shader 'Universal Render Pipeline/Particles/SimpleLit' not found
Launched and connected shader compiler UnityShaderCompiler.exe after 0.08 seconds
Refreshing native plugins compatible for Editor in 0.87 ms, found 0 plugins.
Preloading 0 native plugins for Editor in 0.00 ms.
Unloading 2789 Unused Serialized files (Serialized files now loaded: 0)
System memory in use before: 128.0 MB.
System memory in use after: 128.2 MB.

Unloading 19 unused Assets to reduce memory usage. Loaded Objects now: 3226.
Total: 3.816100 ms (FindLiveObjects: 0.350600 ms CreateObjectMapping: 0.198300 ms MarkObjects: 3.167800 ms  DeleteObjects: 0.098300 ms)

========================================================================
Received Import Request.
  path: Assets/Materials/Temp.mat
  artifactKey: Guid(a73ad6b3b00013a4ea2cc7122d08eb86) Importer(815301076,1909f56bfc062723c751e8b465ee728b)
Start importing Assets/Materials/Temp.mat using Guid(a73ad6b3b00013a4ea2cc7122d08eb86) Importer(815301076,1909f56bfc062723c751e8b465ee728b)  -> (artifact id: 'dbc6f0cfee40322790e03e8bf936014e') in 0.436917 seconds
  Import took 0.443083 seconds .

========================================================================
Received Import Request.
  Time since last request: 3.866661 seconds.
  path: Assets/Scripts/ElevatorController.cs
  artifactKey: Guid(20715121ea8159545abe91db8f2916a0) Importer(815301076,1909f56bfc062723c751e8b465ee728b)
Start importing Assets/Scripts/ElevatorController.cs using Guid(20715121ea8159545abe91db8f2916a0) Importer(815301076,1909f56bfc062723c751e8b465ee728b)  -> (artifact id: 'ad3b80df72353b250c3b08a07d046c33') in 0.018014 seconds
  Import took 0.027026 seconds .

========================================================================
Received Prepare
Registering precompiled user dll's ...
Registered in 0.009271 seconds.
Begin MonoManager ReloadAssembly
Native extension for WindowsStandalone target not found
Refreshing native plugins compatible for Editor in 1.06 ms, found 0 plugins.
Preloading 0 native plugins for Editor in 0.00 ms.
Invoked RoslynAnalysisRunner static constructor.
RoslynAnalysisRunner will not be running.
RoslynAnalysisRunner has terminated.
Mono: successfully reloaded assembly
- Completed reload, in  3.051 seconds
Platform modules already initialized, skipping
Shader 'Universal Render Pipeline/Particles/Lit': fallback shader 'Universal Render Pipeline/Particles/SimpleLit' not found
Refreshing native plugins compatible for Editor in 0.87 ms, found 0 plugins.
Preloading 0 native plugins for Editor in 0.00 ms.
Unloading 2667 Unused Serialized files (Serialized files now loaded: 0)
System memory in use before: 127.4 MB.
System memory in use after: 127.6 MB.

Unloading 14 unused Assets to reduce memory usage. Loaded Objects now: 3307.
Total: 3.280800 ms (FindLiveObjects: 0.417200 ms CreateObjectMapping: 0.237100 ms MarkObjects: 2.538500 ms  DeleteObjects: 0.086000 ms)

========================================================================
Received Import Request.
  Time since last request: 89.136275 seconds.
  path: Assets/Scripts/ElevatorController.cs
  artifactKey: Guid(20715121ea8159545abe91db8f2916a0) Importer(815301076,1909f56bfc062723c751e8b465ee728b)
Start importing Assets/Scripts/ElevatorController.cs using Guid(20715121ea8159545abe91db8f2916a0) Importer(815301076,1909f56bfc062723c751e8b465ee728b)  -> (artifact id: '52527544480e1af5f6d8a64da4e1afe5') in 0.010358 seconds
  Import took 0.017850 seconds .

========================================================================
Received Prepare
Registering precompiled user dll's ...
Registered in 0.008312 seconds.
Begin MonoManager ReloadAssembly
Native extension for WindowsStandalone target not found
Refreshing native plugins compatible for Editor in 0.91 ms, found 0 plugins.
Preloading 0 native plugins for Editor in 0.00 ms.
Invoked RoslynAnalysisRunner static constructor.
RoslynAnalysisRunner will not be running.
RoslynAnalysisRunner has terminated.
Mono: successfully reloaded assembly
- Completed reload, in  1.495 seconds
Platform modules already initialized, skipping
Shader 'Universal Render Pipeline/Particles/Lit': fallback shader 'Universal Render Pipeline/Particles/SimpleLit' not found
Refreshing native plugins compatible for Editor in 0.61 ms, found 0 plugins.
Preloading 0 native plugins for Editor in 0.00 ms.
Unloading 2667 Unused Serialized files (Serialized files now loaded: 0)
System memory in use before: 127.5 MB.
System memory in use after: 127.7 MB.

Unloading 14 unused Assets to reduce memory usage. Loaded Objects now: 3309.
Total: 4.729600 ms (FindLiveObjects: 0.370700 ms CreateObjectMapping: 0.233300 ms MarkObjects: 4.015800 ms  DeleteObjects: 0.108300 ms)

========================================================================
Received Import Request.
  Time since last request: 78.012386 seconds.
  path: Assets/Scripts/ElevatorController.cs
  artifactKey: Guid(20715121ea8159545abe91db8f2916a0) Importer(815301076,1909f56bfc062723c751e8b465ee728b)
Start importing Assets/Scripts/ElevatorController.cs using Guid(20715121ea8159545abe91db8f2916a0) Importer(815301076,1909f56bfc062723c751e8b465ee728b)  -> (artifact id: 'ae8a7d2abc85a6c833621d9c0e53857e') in 0.012071 seconds
  Import took 0.019286 seconds .

========================================================================
Received Import Request.
  Time since last request: 0.197622 seconds.
  path: Assets/Scripts/ElevatorController.cs
  artifactKey: Guid(20715121ea8159545abe91db8f2916a0) Importer(815301076,1909f56bfc062723c751e8b465ee728b)
Start importing Assets/Scripts/ElevatorController.cs using Guid(20715121ea8159545abe91db8f2916a0) Importer(815301076,1909f56bfc062723c751e8b465ee728b)  -> (artifact id: 'ae8a7d2abc85a6c833621d9c0e53857e') in 0.004364 seconds
  Import took 0.011066 seconds .

========================================================================
Received Prepare
Registering precompiled user dll's ...
Registered in 0.010097 seconds.
Begin MonoManager ReloadAssembly
Native extension for WindowsStandalone target not found
Refreshing native plugins compatible for Editor in 0.60 ms, found 0 plugins.
Preloading 0 native plugins for Editor in 0.00 ms.
Invoked RoslynAnalysisRunner static constructor.
RoslynAnalysisRunner will not be running.
RoslynAnalysisRunner has terminated.
Mono: successfully reloaded assembly
- Completed reload, in  1.559 seconds
Platform modules already initialized, skipping
Shader 'Universal Render Pipeline/Particles/Lit': fallback shader 'Universal Render Pipeline/Particles/SimpleLit' not found
Refreshing native plugins compatible for Editor in 0.60 ms, found 0 plugins.
Preloading 0 native plugins for Editor in 0.00 ms.
Unloading 2667 Unused Serialized files (Serialized files now loaded: 0)
System memory in use before: 127.5 MB.
System memory in use after: 127.7 MB.

Unloading 14 unused Assets to reduce memory usage. Loaded Objects now: 3311.
Total: 3.054300 ms (FindLiveObjects: 0.343100 ms CreateObjectMapping: 0.180500 ms MarkObjects: 2.449900 ms  DeleteObjects: 0.079600 ms)

========================================================================
Received Import Request.
  Time since last request: 15.951179 seconds.
  path: Assets/Scripts/ElevatorController.cs
  artifactKey: Guid(20715121ea8159545abe91db8f2916a0) Importer(815301076,1909f56bfc062723c751e8b465ee728b)
Start importing Assets/Scripts/ElevatorController.cs using Guid(20715121ea8159545abe91db8f2916a0) Importer(815301076,1909f56bfc062723c751e8b465ee728b)  -> (artifact id: '974c8031167ca7dbb39b10a12021f55b') in 0.008375 seconds
  Import took 0.015299 seconds .

========================================================================
Received Prepare
Registering precompiled user dll's ...
Registered in 0.008148 seconds.
Begin MonoManager ReloadAssembly
Native extension for WindowsStandalone target not found
Refreshing native plugins compatible for Editor in 0.59 ms, found 0 plugins.
Preloading 0 native plugins for Editor in 0.00 ms.
Invoked RoslynAnalysisRunner static constructor.
RoslynAnalysisRunner will not be running.
RoslynAnalysisRunner has terminated.
Mono: successfully reloaded assembly
- Completed reload, in  1.443 seconds
Platform modules already initialized, skipping
Shader 'Universal Render Pipeline/Particles/Lit': fallback shader 'Universal Render Pipeline/Particles/SimpleLit' not found
Refreshing native plugins compatible for Editor in 0.85 ms, found 0 plugins.
Preloading 0 native plugins for Editor in 0.00 ms.
Unloading 2667 Unused Serialized files (Serialized files now loaded: 0)
System memory in use before: 127.5 MB.
System memory in use after: 127.7 MB.

Unloading 14 unused Assets to reduce memory usage. Loaded Objects now: 3313.
Total: 3.225000 ms (FindLiveObjects: 0.397600 ms CreateObjectMapping: 0.197600 ms MarkObjects: 2.535500 ms  DeleteObjects: 0.092500 ms)

========================================================================
Received Import Request.
  Time since last request: 52.906523 seconds.
  path: Assets/Scripts/ElevatorController.cs
  artifactKey: Guid(20715121ea8159545abe91db8f2916a0) Importer(815301076,1909f56bfc062723c751e8b465ee728b)
Start importing Assets/Scripts/ElevatorController.cs using Guid(20715121ea8159545abe91db8f2916a0) Importer(815301076,1909f56bfc062723c751e8b465ee728b)  -> (artifact id: '95156ac1855e14b567c18ffa90740fd9') in 0.016453 seconds
  Import took 0.025243 seconds .

========================================================================
Received Prepare
Registering precompiled user dll's ...
Registered in 0.007501 seconds.
Begin MonoManager ReloadAssembly
Native extension for WindowsStandalone target not found
Refreshing native plugins compatible for Editor in 0.55 ms, found 0 plugins.
Preloading 0 native plugins for Editor in 0.00 ms.
Invoked RoslynAnalysisRunner static constructor.
RoslynAnalysisRunner will not be running.
RoslynAnalysisRunner has terminated.
Mono: successfully reloaded assembly
- Completed reload, in  1.618 seconds
Platform modules already initialized, skipping
Shader 'Universal Render Pipeline/Particles/Lit': fallback shader 'Universal Render Pipeline/Particles/SimpleLit' not found
Refreshing native plugins compatible for Editor in 0.67 ms, found 0 plugins.
Preloading 0 native plugins for Editor in 0.00 ms.
Unloading 2667 Unused Serialized files (Serialized files now loaded: 0)
System memory in use before: 127.5 MB.
System memory in use after: 127.7 MB.

Unloading 14 unused Assets to reduce memory usage. Loaded Objects now: 3315.
Total: 3.368800 ms (FindLiveObjects: 0.520800 ms CreateObjectMapping: 0.251500 ms MarkObjects: 2.505100 ms  DeleteObjects: 0.089200 ms)

========================================================================
Received Import Request.
  Time since last request: 83.104626 seconds.
  path: Assets/Scripts/ElevatorController.cs
  artifactKey: Guid(20715121ea8159545abe91db8f2916a0) Importer(815301076,1909f56bfc062723c751e8b465ee728b)
Start importing Assets/Scripts/ElevatorController.cs using Guid(20715121ea8159545abe91db8f2916a0) Importer(815301076,1909f56bfc062723c751e8b465ee728b)  -> (artifact id: '528f0f32ed7150552799fbf99669140d') in 0.013782 seconds
  Import took 0.021509 seconds .

========================================================================
Received Import Request.
  Time since last request: 0.280195 seconds.
  path: Assets/Scripts/ElevatorController.cs
  artifactKey: Guid(20715121ea8159545abe91db8f2916a0) Importer(815301076,1909f56bfc062723c751e8b465ee728b)
Start importing Assets/Scripts/ElevatorController.cs using Guid(20715121ea8159545abe91db8f2916a0) Importer(815301076,1909f56bfc062723c751e8b465ee728b)  -> (artifact id: '528f0f32ed7150552799fbf99669140d') in 0.006704 seconds
  Import took 0.014987 seconds .

========================================================================
Received Prepare
Registering precompiled user dll's ...
Registered in 0.010784 seconds.
Begin MonoManager ReloadAssembly
Native extension for WindowsStandalone target not found
Refreshing native plugins compatible for Editor in 0.55 ms, found 0 plugins.
Preloading 0 native plugins for Editor in 0.00 ms.
Invoked RoslynAnalysisRunner static constructor.
RoslynAnalysisRunner will not be running.
RoslynAnalysisRunner has terminated.
Mono: successfully reloaded assembly
- Completed reload, in  1.357 seconds
Platform modules already initialized, skipping
Shader 'Universal Render Pipeline/Particles/Lit': fallback shader 'Universal Render Pipeline/Particles/SimpleLit' not found
Refreshing native plugins compatible for Editor in 0.62 ms, found 0 plugins.
Preloading 0 native plugins for Editor in 0.00 ms.
Unloading 2667 Unused Serialized files (Serialized files now loaded: 0)
System memory in use before: 127.5 MB.
System memory in use after: 127.7 MB.

Unloading 14 unused Assets to reduce memory usage. Loaded Objects now: 3317.
Total: 5.418100 ms (FindLiveObjects: 0.490700 ms CreateObjectMapping: 0.365900 ms MarkObjects: 4.476700 ms  DeleteObjects: 0.083300 ms)

========================================================================
Received Import Request.
  Time since last request: 38.289470 seconds.
  path: Assets/Scripts/ElevatorController.cs
  artifactKey: Guid(20715121ea8159545abe91db8f2916a0) Importer(815301076,1909f56bfc062723c751e8b465ee728b)
Start importing Assets/Scripts/ElevatorController.cs using Guid(20715121ea8159545abe91db8f2916a0) Importer(815301076,1909f56bfc062723c751e8b465ee728b)  -> (artifact id: '0ab6d03fd028dd29db0914c20856e2f7') in 0.012209 seconds
  Import took 0.018725 seconds .

========================================================================
Received Import Request.
  Time since last request: 0.082836 seconds.
  path: Assets/Scripts/ElevatorController.cs
  artifactKey: Guid(20715121ea8159545abe91db8f2916a0) Importer(815301076,1909f56bfc062723c751e8b465ee728b)
Start importing Assets/Scripts/ElevatorController.cs using Guid(20715121ea8159545abe91db8f2916a0) Importer(815301076,1909f56bfc062723c751e8b465ee728b)  -> (artifact id: '0ab6d03fd028dd29db0914c20856e2f7') in 0.005245 seconds
  Import took 0.012561 seconds .

========================================================================
Received Prepare
Registering precompiled user dll's ...
Registered in 0.010674 seconds.
Begin MonoManager ReloadAssembly
Native extension for WindowsStandalone target not found
Refreshing native plugins compatible for Editor in 0.60 ms, found 0 plugins.
Preloading 0 native plugins for Editor in 0.00 ms.
Invoked RoslynAnalysisRunner static constructor.
RoslynAnalysisRunner will not be running.
RoslynAnalysisRunner has terminated.
Mono: successfully reloaded assembly
- Completed reload, in  1.390 seconds
Platform modules already initialized, skipping
Shader 'Universal Render Pipeline/Particles/Lit': fallback shader 'Universal Render Pipeline/Particles/SimpleLit' not found
Refreshing native plugins compatible for Editor in 0.62 ms, found 0 plugins.
Preloading 0 native plugins for Editor in 0.00 ms.
Unloading 2667 Unused Serialized files (Serialized files now loaded: 0)
System memory in use before: 127.5 MB.
System memory in use after: 127.7 MB.

Unloading 14 unused Assets to reduce memory usage. Loaded Objects now: 3319.
Total: 3.427200 ms (FindLiveObjects: 0.522400 ms CreateObjectMapping: 0.230900 ms MarkObjects: 2.575000 ms  DeleteObjects: 0.096600 ms)

========================================================================
Received Import Request.
  Time since last request: 86.163025 seconds.
  path: Assets/Scripts/ElevatorController.cs
  artifactKey: Guid(20715121ea8159545abe91db8f2916a0) Importer(815301076,1909f56bfc062723c751e8b465ee728b)
Start importing Assets/Scripts/ElevatorController.cs using Guid(20715121ea8159545abe91db8f2916a0) Importer(815301076,1909f56bfc062723c751e8b465ee728b)  -> (artifact id: '9d4767c8d555a1c4a168df0a97a3b9d5') in 0.015810 seconds
  Import took 0.022614 seconds .

========================================================================
Received Import Request.
  Time since last request: 0.259079 seconds.
  path: Assets/Scripts/ElevatorController.cs
  artifactKey: Guid(20715121ea8159545abe91db8f2916a0) Importer(815301076,1909f56bfc062723c751e8b465ee728b)
Start importing Assets/Scripts/ElevatorController.cs using Guid(20715121ea8159545abe91db8f2916a0) Importer(815301076,1909f56bfc062723c751e8b465ee728b)  -> (artifact id: '9d4767c8d555a1c4a168df0a97a3b9d5') in 0.005321 seconds
  Import took 0.012873 seconds .

========================================================================
Received Prepare
Registering precompiled user dll's ...
Registered in 0.008686 seconds.
Begin MonoManager ReloadAssembly
Native extension for WindowsStandalone target not found
Refreshing native plugins compatible for Editor in 0.57 ms, found 0 plugins.
Preloading 0 native plugins for Editor in 0.00 ms.
Invoked RoslynAnalysisRunner static constructor.
RoslynAnalysisRunner will not be running.
RoslynAnalysisRunner has terminated.
Mono: successfully reloaded assembly
- Completed reload, in  1.407 seconds
Platform modules already initialized, skipping
Shader 'Universal Render Pipeline/Particles/Lit': fallback shader 'Universal Render Pipeline/Particles/SimpleLit' not found
Refreshing native plugins compatible for Editor in 0.63 ms, found 0 plugins.
Preloading 0 native plugins for Editor in 0.00 ms.
Unloading 2667 Unused Serialized files (Serialized files now loaded: 0)
System memory in use before: 127.5 MB.
System memory in use after: 127.7 MB.

Unloading 14 unused Assets to reduce memory usage. Loaded Objects now: 3321.
Total: 4.835100 ms (FindLiveObjects: 0.547000 ms CreateObjectMapping: 0.258200 ms MarkObjects: 3.829600 ms  DeleteObjects: 0.197800 ms)

========================================================================
Received Import Request.
  Time since last request: 25.156491 seconds.
  path: Assets/Scripts/ElevatorController.cs
  artifactKey: Guid(20715121ea8159545abe91db8f2916a0) Importer(815301076,1909f56bfc062723c751e8b465ee728b)
Start importing Assets/Scripts/ElevatorController.cs using Guid(20715121ea8159545abe91db8f2916a0) Importer(815301076,1909f56bfc062723c751e8b465ee728b)  -> (artifact id: '42150f1adb5a3aaedb415b24e08b7597') in 0.012922 seconds
  Import took 0.018599 seconds .

========================================================================
Received Import Request.
  Time since last request: 0.105765 seconds.
  path: Assets/Scripts/ElevatorController.cs
  artifactKey: Guid(20715121ea8159545abe91db8f2916a0) Importer(815301076,1909f56bfc062723c751e8b465ee728b)
Start importing Assets/Scripts/ElevatorController.cs using Guid(20715121ea8159545abe91db8f2916a0) Importer(815301076,1909f56bfc062723c751e8b465ee728b)  -> (artifact id: '42150f1adb5a3aaedb415b24e08b7597') in 0.006243 seconds
  Import took 0.013296 seconds .

========================================================================
Received Prepare
Registering precompiled user dll's ...
Registered in 0.013154 seconds.
Begin MonoManager ReloadAssembly
Native extension for WindowsStandalone target not found
Refreshing native plugins compatible for Editor in 0.62 ms, found 0 plugins.
Preloading 0 native plugins for Editor in 0.00 ms.
Invoked RoslynAnalysisRunner static constructor.
RoslynAnalysisRunner will not be running.
RoslynAnalysisRunner has terminated.
Mono: successfully reloaded assembly
- Completed reload, in  1.754 seconds
Platform modules already initialized, skipping
Shader 'Universal Render Pipeline/Particles/Lit': fallback shader 'Universal Render Pipeline/Particles/SimpleLit' not found
Refreshing native plugins compatible for Editor in 0.64 ms, found 0 plugins.
Preloading 0 native plugins for Editor in 0.00 ms.
Unloading 2667 Unused Serialized files (Serialized files now loaded: 0)
System memory in use before: 127.5 MB.
System memory in use after: 127.7 MB.

Unloading 14 unused Assets to reduce memory usage. Loaded Objects now: 3323.
Total: 3.522700 ms (FindLiveObjects: 0.506200 ms CreateObjectMapping: 0.296500 ms MarkObjects: 2.632000 ms  DeleteObjects: 0.085700 ms)

========================================================================
Received Import Request.
  Time since last request: 42.800538 seconds.
  path: Assets/Scripts/ElevatorController.cs
  artifactKey: Guid(20715121ea8159545abe91db8f2916a0) Importer(815301076,1909f56bfc062723c751e8b465ee728b)
Start importing Assets/Scripts/ElevatorController.cs using Guid(20715121ea8159545abe91db8f2916a0) Importer(815301076,1909f56bfc062723c751e8b465ee728b)  -> (artifact id: '98ddd00033f0b06df5609c9c12d1f543') in 0.012838 seconds
  Import took 0.018482 seconds .

========================================================================
Received Import Request.
  Time since last request: 0.223063 seconds.
  path: Assets/Scripts/ElevatorController.cs
  artifactKey: Guid(20715121ea8159545abe91db8f2916a0) Importer(815301076,1909f56bfc062723c751e8b465ee728b)
Start importing Assets/Scripts/ElevatorController.cs using Guid(20715121ea8159545abe91db8f2916a0) Importer(815301076,1909f56bfc062723c751e8b465ee728b)  -> (artifact id: '98ddd00033f0b06df5609c9c12d1f543') in 0.004708 seconds
  Import took 0.012270 seconds .

========================================================================
Received Prepare
Registering precompiled user dll's ...
Registered in 0.008237 seconds.
Begin MonoManager ReloadAssembly
Native extension for WindowsStandalone target not found
Refreshing native plugins compatible for Editor in 0.52 ms, found 0 plugins.
Preloading 0 native plugins for Editor in 0.00 ms.
Invoked RoslynAnalysisRunner static constructor.
RoslynAnalysisRunner will not be running.
RoslynAnalysisRunner has terminated.
Mono: successfully reloaded assembly
- Completed reload, in  1.372 seconds
Platform modules already initialized, skipping
Shader 'Universal Render Pipeline/Particles/Lit': fallback shader 'Universal Render Pipeline/Particles/SimpleLit' not found
Refreshing native plugins compatible for Editor in 0.75 ms, found 0 plugins.
Preloading 0 native plugins for Editor in 0.00 ms.
Unloading 2667 Unused Serialized files (Serialized files now loaded: 0)
System memory in use before: 127.5 MB.
System memory in use after: 127.7 MB.

Unloading 14 unused Assets to reduce memory usage. Loaded Objects now: 3325.
Total: 3.403000 ms (FindLiveObjects: 0.376900 ms CreateObjectMapping: 0.189000 ms MarkObjects: 2.750200 ms  DeleteObjects: 0.085700 ms)

========================================================================
Received Import Request.
  Time since last request: 23.788629 seconds.
  path: Assets/Scripts/ElevatorController.cs
  artifactKey: Guid(20715121ea8159545abe91db8f2916a0) Importer(815301076,1909f56bfc062723c751e8b465ee728b)
Start importing Assets/Scripts/ElevatorController.cs using Guid(20715121ea8159545abe91db8f2916a0) Importer(815301076,1909f56bfc062723c751e8b465ee728b)  -> (artifact id: '3d84465d0c97f48c4f1317b2112eab89') in 0.014299 seconds
  Import took 0.020005 seconds .

========================================================================
Received Import Request.
  Time since last request: 0.080709 seconds.
  path: Assets/Scripts/ElevatorController.cs
  artifactKey: Guid(20715121ea8159545abe91db8f2916a0) Importer(815301076,1909f56bfc062723c751e8b465ee728b)
Start importing Assets/Scripts/ElevatorController.cs using Guid(20715121ea8159545abe91db8f2916a0) Importer(815301076,1909f56bfc062723c751e8b465ee728b)  -> (artifact id: '3d84465d0c97f48c4f1317b2112eab89') in 0.003597 seconds
  Import took 0.009685 seconds .

========================================================================
Received Prepare
Registering precompiled user dll's ...
Registered in 0.008549 seconds.
Begin MonoManager ReloadAssembly
Native extension for WindowsStandalone target not found
Refreshing native plugins compatible for Editor in 0.60 ms, found 0 plugins.
Preloading 0 native plugins for Editor in 0.00 ms.
Invoked RoslynAnalysisRunner static constructor.
RoslynAnalysisRunner will not be running.
RoslynAnalysisRunner has terminated.
Mono: successfully reloaded assembly
- Completed reload, in  1.442 seconds
Platform modules already initialized, skipping
Shader 'Universal Render Pipeline/Particles/Lit': fallback shader 'Universal Render Pipeline/Particles/SimpleLit' not found
Refreshing native plugins compatible for Editor in 0.61 ms, found 0 plugins.
Preloading 0 native plugins for Editor in 0.00 ms.
Unloading 2667 Unused Serialized files (Serialized files now loaded: 0)
System memory in use before: 127.5 MB.
System memory in use after: 127.7 MB.

Unloading 14 unused Assets to reduce memory usage. Loaded Objects now: 3327.
Total: 3.898000 ms (FindLiveObjects: 0.518800 ms CreateObjectMapping: 0.220800 ms MarkObjects: 3.075000 ms  DeleteObjects: 0.081900 ms)

========================================================================
Received Import Request.
  Time since last request: 19.670349 seconds.
  path: Assets/Scripts/ElevatorController.cs
  artifactKey: Guid(20715121ea8159545abe91db8f2916a0) Importer(815301076,1909f56bfc062723c751e8b465ee728b)
Start importing Assets/Scripts/ElevatorController.cs using Guid(20715121ea8159545abe91db8f2916a0) Importer(815301076,1909f56bfc062723c751e8b465ee728b)  -> (artifact id: '72a257c5cbe407f46a9edce3029a244d') in 0.015465 seconds
  Import took 0.023413 seconds .

========================================================================
Received Prepare
Registering precompiled user dll's ...
Registered in 0.008307 seconds.
Begin MonoManager ReloadAssembly
Native extension for WindowsStandalone target not found
Refreshing native plugins compatible for Editor in 0.67 ms, found 0 plugins.
Preloading 0 native plugins for Editor in 0.00 ms.
Invoked RoslynAnalysisRunner static constructor.
RoslynAnalysisRunner will not be running.
RoslynAnalysisRunner has terminated.
Mono: successfully reloaded assembly
- Completed reload, in  1.519 seconds
Platform modules already initialized, skipping
Shader 'Universal Render Pipeline/Particles/Lit': fallback shader 'Universal Render Pipeline/Particles/SimpleLit' not found
Refreshing native plugins compatible for Editor in 0.64 ms, found 0 plugins.
Preloading 0 native plugins for Editor in 0.00 ms.
Unloading 2667 Unused Serialized files (Serialized files now loaded: 0)
System memory in use before: 127.5 MB.
System memory in use after: 127.8 MB.

Unloading 14 unused Assets to reduce memory usage. Loaded Objects now: 3329.
Total: 5.036200 ms (FindLiveObjects: 0.834500 ms CreateObjectMapping: 0.272400 ms MarkObjects: 3.818300 ms  DeleteObjects: 0.108500 ms)

========================================================================
Received Import Request.
  Time since last request: 149.736794 seconds.
  path: Assets/Scripts/ElevatorController.cs
  artifactKey: Guid(20715121ea8159545abe91db8f2916a0) Importer(815301076,1909f56bfc062723c751e8b465ee728b)
Start importing Assets/Scripts/ElevatorController.cs using Guid(20715121ea8159545abe91db8f2916a0) Importer(815301076,1909f56bfc062723c751e8b465ee728b)  -> (artifact id: 'a582dc10e657064cc107b8827af7faaf') in 0.011796 seconds
  Import took 0.018197 seconds .

========================================================================
Received Import Request.
  Time since last request: 0.261937 seconds.
  path: Assets/Scripts/ElevatorController.cs
  artifactKey: Guid(20715121ea8159545abe91db8f2916a0) Importer(815301076,1909f56bfc062723c751e8b465ee728b)
Start importing Assets/Scripts/ElevatorController.cs using Guid(20715121ea8159545abe91db8f2916a0) Importer(815301076,1909f56bfc062723c751e8b465ee728b)  -> (artifact id: 'a582dc10e657064cc107b8827af7faaf') in 0.004599 seconds
  Import took 0.010568 seconds .

========================================================================
Received Import Request.
  Time since last request: 2.023028 seconds.
  path: Assets/Scripts/ElevatorController.cs
  artifactKey: Guid(20715121ea8159545abe91db8f2916a0) Importer(815301076,1909f56bfc062723c751e8b465ee728b)
Start importing Assets/Scripts/ElevatorController.cs using Guid(20715121ea8159545abe91db8f2916a0) Importer(815301076,1909f56bfc062723c751e8b465ee728b)  -> (artifact id: '31350f458bc50c6feb5a37da903c82aa') in 0.003407 seconds
  Import took 0.009641 seconds .

========================================================================
Received Prepare
Registering precompiled user dll's ...
Registered in 0.010293 seconds.
Begin MonoManager ReloadAssembly
Native extension for WindowsStandalone target not found
Refreshing native plugins compatible for Editor in 0.55 ms, found 0 plugins.
Preloading 0 native plugins for Editor in 0.00 ms.
Invoked RoslynAnalysisRunner static constructor.
RoslynAnalysisRunner will not be running.
RoslynAnalysisRunner has terminated.
Mono: successfully reloaded assembly
- Completed reload, in  1.288 seconds
Platform modules already initialized, skipping
Shader 'Universal Render Pipeline/Particles/Lit': fallback shader 'Universal Render Pipeline/Particles/SimpleLit' not found
Refreshing native plugins compatible for Editor in 1.23 ms, found 0 plugins.
Preloading 0 native plugins for Editor in 0.00 ms.
Unloading 2667 Unused Serialized files (Serialized files now loaded: 0)
System memory in use before: 127.6 MB.
System memory in use after: 127.8 MB.

Unloading 14 unused Assets to reduce memory usage. Loaded Objects now: 3331.
Total: 3.612900 ms (FindLiveObjects: 0.531700 ms CreateObjectMapping: 0.257500 ms MarkObjects: 2.718900 ms  DeleteObjects: 0.103300 ms)

========================================================================
Received Import Request.
  Time since last request: 24.685728 seconds.
  path: Assets/Scripts/ElevatorController.cs
  artifactKey: Guid(20715121ea8159545abe91db8f2916a0) Importer(815301076,1909f56bfc062723c751e8b465ee728b)
Start importing Assets/Scripts/ElevatorController.cs using Guid(20715121ea8159545abe91db8f2916a0) Importer(815301076,1909f56bfc062723c751e8b465ee728b)  -> (artifact id: '0caf06bdad3ae25edbb98d3c02fe0d8f') in 0.016230 seconds
  Import took 0.022912 seconds .

========================================================================
Received Import Request.
  Time since last request: 0.085900 seconds.
  path: Assets/Scripts/ElevatorController.cs
  artifactKey: Guid(20715121ea8159545abe91db8f2916a0) Importer(815301076,1909f56bfc062723c751e8b465ee728b)
Start importing Assets/Scripts/ElevatorController.cs using Guid(20715121ea8159545abe91db8f2916a0) Importer(815301076,1909f56bfc062723c751e8b465ee728b)  -> (artifact id: '0caf06bdad3ae25edbb98d3c02fe0d8f') in 0.003433 seconds
  Import took 0.009145 seconds .

========================================================================
Received Prepare
Registering precompiled user dll's ...
Registered in 0.012317 seconds.
Begin MonoManager ReloadAssembly
Native extension for WindowsStandalone target not found
Refreshing native plugins compatible for Editor in 1.37 ms, found 0 plugins.
Preloading 0 native plugins for Editor in 0.00 ms.
Invoked RoslynAnalysisRunner static constructor.
RoslynAnalysisRunner will not be running.
RoslynAnalysisRunner has terminated.
Mono: successfully reloaded assembly
- Completed reload, in  1.406 seconds
Platform modules already initialized, skipping
Shader 'Universal Render Pipeline/Particles/Lit': fallback shader 'Universal Render Pipeline/Particles/SimpleLit' not found
Refreshing native plugins compatible for Editor in 1.06 ms, found 0 plugins.
Preloading 0 native plugins for Editor in 0.00 ms.
Unloading 2667 Unused Serialized files (Serialized files now loaded: 0)
System memory in use before: 127.6 MB.
System memory in use after: 127.8 MB.

Unloading 14 unused Assets to reduce memory usage. Loaded Objects now: 3333.
Total: 3.907600 ms (FindLiveObjects: 0.499600 ms CreateObjectMapping: 0.266300 ms MarkObjects: 3.050000 ms  DeleteObjects: 0.090300 ms)

========================================================================
Received Import Request.
  Time since last request: 18.682269 seconds.
  path: Assets/Scripts/ElevatorController.cs
  artifactKey: Guid(20715121ea8159545abe91db8f2916a0) Importer(815301076,1909f56bfc062723c751e8b465ee728b)
Start importing Assets/Scripts/ElevatorController.cs using Guid(20715121ea8159545abe91db8f2916a0) Importer(815301076,1909f56bfc062723c751e8b465ee728b)  -> (artifact id: '6a35efc1a4258dcfb30f99d94c270979') in 0.012780 seconds
  Import took 0.019403 seconds .

========================================================================
Received Import Request.
  Time since last request: 0.083566 seconds.
  path: Assets/Scripts/ElevatorController.cs
  artifactKey: Guid(20715121ea8159545abe91db8f2916a0) Importer(815301076,1909f56bfc062723c751e8b465ee728b)
Start importing Assets/Scripts/ElevatorController.cs using Guid(20715121ea8159545abe91db8f2916a0) Importer(815301076,1909f56bfc062723c751e8b465ee728b)  -> (artifact id: '6a35efc1a4258dcfb30f99d94c270979') in 0.004164 seconds
  Import took 0.011910 seconds .

========================================================================
Received Prepare
Registering precompiled user dll's ...
Registered in 0.007435 seconds.
Begin MonoManager ReloadAssembly
Native extension for WindowsStandalone target not found
Refreshing native plugins compatible for Editor in 0.53 ms, found 0 plugins.
Preloading 0 native plugins for Editor in 0.00 ms.
Invoked RoslynAnalysisRunner static constructor.
RoslynAnalysisRunner will not be running.
RoslynAnalysisRunner has terminated.
Mono: successfully reloaded assembly
- Completed reload, in  1.377 seconds
Platform modules already initialized, skipping
Shader 'Universal Render Pipeline/Particles/Lit': fallback shader 'Universal Render Pipeline/Particles/SimpleLit' not found
Refreshing native plugins compatible for Editor in 0.55 ms, found 0 plugins.
Preloading 0 native plugins for Editor in 0.00 ms.
Unloading 2667 Unused Serialized files (Serialized files now loaded: 0)
System memory in use before: 127.6 MB.
System memory in use after: 127.8 MB.

Unloading 14 unused Assets to reduce memory usage. Loaded Objects now: 3335.
Total: 3.203800 ms (FindLiveObjects: 0.405700 ms CreateObjectMapping: 0.230000 ms MarkObjects: 2.487400 ms  DeleteObjects: 0.078800 ms)

========================================================================
Received Prepare
Registering precompiled user dll's ...
Registered in 0.007764 seconds.
Begin MonoManager ReloadAssembly
Native extension for WindowsStandalone target not found
Refreshing native plugins compatible for Editor in 0.62 ms, found 0 plugins.
Preloading 0 native plugins for Editor in 0.00 ms.
Invoked RoslynAnalysisRunner static constructor.
RoslynAnalysisRunner will not be running.
RoslynAnalysisRunner has terminated.
Mono: successfully reloaded assembly
- Completed reload, in  1.319 seconds
Platform modules already initialized, skipping
Shader 'Universal Render Pipeline/Particles/Lit': fallback shader 'Universal Render Pipeline/Particles/SimpleLit' not found
Refreshing native plugins compatible for Editor in 0.61 ms, found 0 plugins.
Preloading 0 native plugins for Editor in 0.00 ms.
Unloading 2667 Unused Serialized files (Serialized files now loaded: 0)
System memory in use before: 127.6 MB.
System memory in use after: 127.8 MB.

Unloading 14 unused Assets to reduce memory usage. Loaded Objects now: 3337.
Total: 2.856600 ms (FindLiveObjects: 0.370900 ms CreateObjectMapping: 0.205600 ms MarkObjects: 2.193600 ms  DeleteObjects: 0.085200 ms)

========================================================================
Received Prepare
Registering precompiled user dll's ...
Registered in 0.008105 seconds.
Begin MonoManager ReloadAssembly
Native extension for WindowsStandalone target not found
Refreshing native plugins compatible for Editor in 0.57 ms, found 0 plugins.
Preloading 0 native plugins for Editor in 0.00 ms.
Invoked RoslynAnalysisRunner static constructor.
RoslynAnalysisRunner will not be running.
RoslynAnalysisRunner has terminated.
Mono: successfully reloaded assembly
- Completed reload, in  1.358 seconds
Platform modules already initialized, skipping
Shader 'Universal Render Pipeline/Particles/Lit': fallback shader 'Universal Render Pipeline/Particles/SimpleLit' not found
Refreshing native plugins compatible for Editor in 0.61 ms, found 0 plugins.
Preloading 0 native plugins for Editor in 0.00 ms.
Unloading 2667 Unused Serialized files (Serialized files now loaded: 0)
System memory in use before: 127.6 MB.
System memory in use after: 127.8 MB.

Unloading 14 unused Assets to reduce memory usage. Loaded Objects now: 3339.
Total: 3.054200 ms (FindLiveObjects: 0.360600 ms CreateObjectMapping: 0.217900 ms MarkObjects: 2.384900 ms  DeleteObjects: 0.089800 ms)

========================================================================
Received Prepare
Registering precompiled user dll's ...
Registered in 0.007124 seconds.
Begin MonoManager ReloadAssembly
Native extension for WindowsStandalone target not found
Refreshing native plugins compatible for Editor in 0.64 ms, found 0 plugins.
Preloading 0 native plugins for Editor in 0.00 ms.
Invoked RoslynAnalysisRunner static constructor.
RoslynAnalysisRunner will not be running.
RoslynAnalysisRunner has terminated.
Mono: successfully reloaded assembly
- Completed reload, in  1.705 seconds
Platform modules already initialized, skipping
Shader 'Universal Render Pipeline/Particles/Lit': fallback shader 'Universal Render Pipeline/Particles/SimpleLit' not found
Refreshing native plugins compatible for Editor in 1.07 ms, found 0 plugins.
Preloading 0 native plugins for Editor in 0.00 ms.
Unloading 2667 Unused Serialized files (Serialized files now loaded: 0)
System memory in use before: 127.6 MB.
System memory in use after: 127.8 MB.

Unloading 14 unused Assets to reduce memory usage. Loaded Objects now: 3341.
Total: 4.026100 ms (FindLiveObjects: 0.607700 ms CreateObjectMapping: 0.339400 ms MarkObjects: 2.991500 ms  DeleteObjects: 0.085400 ms)

========================================================================
Received Prepare
Registering precompiled user dll's ...
Registered in 0.008721 seconds.
Begin MonoManager ReloadAssembly
Native extension for WindowsStandalone target not found
Refreshing native plugins compatible for Editor in 0.51 ms, found 0 plugins.
Preloading 0 native plugins for Editor in 0.00 ms.
Invoked RoslynAnalysisRunner static constructor.
RoslynAnalysisRunner will not be running.
RoslynAnalysisRunner has terminated.
Mono: successfully reloaded assembly
- Completed reload, in  1.297 seconds
Platform modules already initialized, skipping
Shader 'Universal Render Pipeline/Particles/Lit': fallback shader 'Universal Render Pipeline/Particles/SimpleLit' not found
Refreshing native plugins compatible for Editor in 0.50 ms, found 0 plugins.
Preloading 0 native plugins for Editor in 0.00 ms.
Unloading 2667 Unused Serialized files (Serialized files now loaded: 0)
System memory in use before: 127.6 MB.
System memory in use after: 127.8 MB.

Unloading 14 unused Assets to reduce memory usage. Loaded Objects now: 3343.
Total: 3.309700 ms (FindLiveObjects: 0.485700 ms CreateObjectMapping: 0.229000 ms MarkObjects: 2.510600 ms  DeleteObjects: 0.083300 ms)

========================================================================
Received Prepare
Registering precompiled user dll's ...
Registered in 0.007246 seconds.
Begin MonoManager ReloadAssembly
Native extension for WindowsStandalone target not found
Refreshing native plugins compatible for Editor in 0.55 ms, found 0 plugins.
Preloading 0 native plugins for Editor in 0.00 ms.
Invoked RoslynAnalysisRunner static constructor.
RoslynAnalysisRunner will not be running.
RoslynAnalysisRunner has terminated.
Mono: successfully reloaded assembly
- Completed reload, in  1.373 seconds
Platform modules already initialized, skipping
Shader 'Universal Render Pipeline/Particles/Lit': fallback shader 'Universal Render Pipeline/Particles/SimpleLit' not found
Refreshing native plugins compatible for Editor in 0.59 ms, found 0 plugins.
Preloading 0 native plugins for Editor in 0.00 ms.
Unloading 2667 Unused Serialized files (Serialized files now loaded: 0)
System memory in use before: 127.6 MB.
System memory in use after: 127.8 MB.

Unloading 14 unused Assets to reduce memory usage. Loaded Objects now: 3345.
Total: 3.036000 ms (FindLiveObjects: 0.482900 ms CreateObjectMapping: 0.205900 ms MarkObjects: 2.268300 ms  DeleteObjects: 0.077500 ms)

========================================================================
Received Prepare
Registering precompiled user dll's ...
Registered in 0.008071 seconds.
Begin MonoManager ReloadAssembly
Native extension for WindowsStandalone target not found
Refreshing native plugins compatible for Editor in 0.56 ms, found 0 plugins.
Preloading 0 native plugins for Editor in 0.00 ms.
Invoked RoslynAnalysisRunner static constructor.
RoslynAnalysisRunner will not be running.
RoslynAnalysisRunner has terminated.
Mono: successfully reloaded assembly
- Completed reload, in  1.292 seconds
Platform modules already initialized, skipping
Shader 'Universal Render Pipeline/Particles/Lit': fallback shader 'Universal Render Pipeline/Particles/SimpleLit' not found
Refreshing native plugins compatible for Editor in 1.21 ms, found 0 plugins.
Preloading 0 native plugins for Editor in 0.00 ms.
Unloading 2667 Unused Serialized files (Serialized files now loaded: 0)
System memory in use before: 127.6 MB.
System memory in use after: 127.8 MB.

Unloading 14 unused Assets to reduce memory usage. Loaded Objects now: 3347.
Total: 2.986800 ms (FindLiveObjects: 0.461100 ms CreateObjectMapping: 0.201600 ms MarkObjects: 2.240400 ms  DeleteObjects: 0.082200 ms)

AssetImportWorkerClient::OnTransportError - code=2 error=End of file
