Using pre-set license
Built from '2020.2/release' branch; Version is '2020.2.2f1 (068178b99f32) revision 426360'; Using compiler version '192528614'; Build Type 'Release'
OS: 'Windows 10 Pro; OS build 19042.985; Version 2009; 64bit' Language: 'en' Physical Memory: 32645 MB
BatchMode: 1, IsHumanControllingUs: 0, StartBugReporterOnCrash: 0, Is64bit: 1, IsPro: 0

 COMMAND LINE ARGUMENTS:
C:\Program Files\Unity\Hub\Editor\2020.2.2f1\Editor\Unity.exe
-adb2
-batchMode
-noUpm
-name
AssetImportWorker1
-projectPath
C:/Users/lalal/OneDrive - TAFE NSW/Team Games/Delta Sky IX Git/Delta Sky IX
-logFile
Logs/AssetImportWorker1.log
-srvPort
60450
Successfully changed project path to: C:/Users/lalal/OneDrive - TAFE NSW/Team Games/Delta Sky IX Git/Delta Sky IX
C:/Users/lalal/OneDrive - TAFE NSW/Team Games/Delta Sky IX Git/Delta Sky IX
Using Asset Import Pipeline V2.
Refreshing native plugins compatible for Editor in 380.65 ms, found 0 plugins.
Preloading 0 native plugins for Editor in 0.00 ms.
Initialize engine version: 2020.2.2f1 (068178b99f32)
[Subsystems] Discovering subsystems at path C:/Program Files/Unity/Hub/Editor/2020.2.2f1/Editor/Data/Resources/UnitySubsystems
[Subsystems] Discovering subsystems at path C:/Users/lalal/OneDrive - TAFE NSW/Team Games/Delta Sky IX Git/Delta Sky IX/Assets
GfxDevice: creating device client; threaded=0
Direct3D:
    Version:  Direct3D 11.0 [level 11.1]
    Renderer: NVIDIA GeForce RTX 2070 with Max-Q Design (ID=0x1f50)
    Vendor:   
    VRAM:     8031 MB
    Driver:   27.21.14.6192
Shader 'Universal Render Pipeline/Particles/Lit': fallback shader 'Universal Render Pipeline/Particles/SimpleLit' not found
Initialize mono
Mono path[0] = 'C:/Program Files/Unity/Hub/Editor/2020.2.2f1/Editor/Data/Managed'
Mono path[1] = 'C:/Program Files/Unity/Hub/Editor/2020.2.2f1/Editor/Data/MonoBleedingEdge/lib/mono/unityjit'
Mono config path = 'C:/Program Files/Unity/Hub/Editor/2020.2.2f1/Editor/Data/MonoBleedingEdge/etc'
Using monoOptions --debugger-agent=transport=dt_socket,embedding=1,server=y,suspend=n,address=127.0.0.1:56636
Begin MonoManager ReloadAssembly
Registering precompiled unity dll's ...
Register platform support module: C:/Program Files/Unity/Hub/Editor/2020.2.2f1/Editor/Data/PlaybackEngines/WindowsStandaloneSupport/UnityEditor.WindowsStandalone.Extensions.dll
Registered in 0.008236 seconds.
Native extension for WindowsStandalone target not found
Refreshing native plugins compatible for Editor in 160.15 ms, found 0 plugins.
Preloading 0 native plugins for Editor in 0.00 ms.
Invoked RoslynAnalysisRunner static constructor.
RoslynAnalysisRunner will not be running.
RoslynAnalysisRunner has terminated.
Mono: successfully reloaded assembly
- Completed reload, in  9.646 seconds
Platform modules already initialized, skipping
Registering precompiled user dll's ...
Registered in 0.019003 seconds.
Begin MonoManager ReloadAssembly
Native extension for WindowsStandalone target not found
Refreshing native plugins compatible for Editor in 168.19 ms, found 0 plugins.
Preloading 0 native plugins for Editor in 0.00 ms.
Invoked RoslynAnalysisRunner static constructor.
RoslynAnalysisRunner will not be running.
RoslynAnalysisRunner has terminated.
Find all reader and writers took 468 milliseconds
Script Module: UnityEngine.UI.dll
Weave behaviours and messages took306 milliseconds
Find all reader and writers took 542 milliseconds
Script Module: Unity.RenderPipelines.Core.Runtime.dll
Weave behaviours and messages took273 milliseconds
Find all reader and writers took 690 milliseconds
Script Module: UnityEngine.TestRunner.dll
Weave behaviours and messages took317 milliseconds
Find all reader and writers took 542 milliseconds
Script Module: Unity.Mathematics.dll
Weave behaviours and messages took1047 milliseconds
Find all reader and writers took 304 milliseconds
Script Module: SimpleWebTransport.dll
Weave behaviours and messages took28 milliseconds
Find all reader and writers took 364 milliseconds
Script Module: Unity.Timeline.dll
